
  ___  ____  ____  ____  ____ ®
 /__    /   ____/   /   ____/      18.0
___/   /   /___/   /   /___/       MP—Parallel Edition

 Statistics and Data Science       Copyright 1985-2023 StataCorp LLC
                                   StataCorp
                                   4905 Lakeway Drive
                                   College Station, Texas 77845 USA
                                   800-STATA-PC        https://www.stata.com
                                   979-696-4600        stata@stata.com

Stata license: 10-user 8-core network perpetual
Serial number: 501806318811
  Licensed to: Columbia Business School
               Columbia University, New York

Notes:
      1. Stata is running in batch mode.
      2. Unicode is supported; see help unicode_advice.
      3. More than 2 billion observations are allowed; see help obs_advice.
      4. Maximum number of variables is set to 5,000 but can be increased;
          see help set_maxvar.

. do figure.do 

. /*
> Purpose: 3x3 arrays energy-temperature response (income x climate)
> Loop over climate products using YOUR .ster outputs.
> UNSUFFIXED coefficients (no _GMFD on _b[] names).
> */
. 
. set scheme s1color

. clear all

. set more off

. 
. global PROJECT "/user/ab5405/summeraliaclimate/code/energy_uncertainty"

. global EDR "/user/ab5405/summeraliaclimate/code/energy_consumption/energy_dat
> a_release_2021oct21/DATA/regression" 

. 
. global DATA    "$PROJECT/data"

. global OUTPUT  "$PROJECT"              // for figures output path if you want

. global STERD   "$DATA/regression/sters"

. 
. * ---- USER CONTROLS ----
. local model_main "TINV_clim"

. local submodel   "quadinter"

. local model_name "`model_main'_`submodel'"

. 
. local fuels "electricity other_energy"

. local products "GMFD ERA5 JRA_3Q MERRA2"

. 
. local year 2099

. 
. * colors (optional)
. local col_electricity "dknavy"

. local col_other_energy "dkorange"

. 
. foreach product of local products {
  2.     foreach var of local fuels {
  3. 
.         di "================================================"
  4.         di "Plotting product=`product' fuel=`var' model=`model_name'"
  5.         di "================================================"
  6. 
.         * -----------------------------
.         * Step 1: temp grid
.         * -----------------------------
.         * use any regsort just to anchor environment; then replace with empty
>  grid
.         use "$DATA/regression/`product'_`model_main'_regsort.dta", clear
  7. 
.                * -----------------------------
.         * Step 1: temp grid (CLEAN)
.         * -----------------------------
.                 * -----------------------------
.         * Step 1: temp grid (NUCLEAR SAFE)
.         * -----------------------------
.         capture restore
  8.         clear all
  9.         set obs 41   // -5..35 inclusive
 10.         
.         gen double temp1 = _n - 6
 11.         gen double temp2 = temp1^2
 12. 
.         gen byte above20 = (temp1 >= 20)
 13.         gen byte below20 = (temp1 < 20)
 14. 
.         gen double FD_load_pc = .
 15. 
.         * -----------------------------
.         * Step 2: knot + plotting setup
.         * -----------------------------
.         preserve
 16.             use "$EDR/break_data_TINV_clim.dta", clear
 17.             summ maxInc_largegpid_`var' if largegpid_`var' == 1
 18.             local ibar = `r(max)'
 19.         restore
 20. 
.         local col_main "`col_`var''"
 21. 
.         * -----------------------------
.         * Step 3: 3x3 plots
.         * -----------------------------
.         local graphicM ""
 22. 
.         forval lg=3(-1)1 {
 23.             forval tr=3(-1)1 {
 24. 
.                 local cellid = `lg' + `tr'*100
 25. 
.                 * pull tercile covariates like their code
.                 preserve
 26.                     use "$EDR/break_data_TINV_clim.dta", clear
 27.                     duplicates drop tpid tgpid, force
 28.                     sort tpid tgpid
 29.                     local tr_index = `tr' * 3
 30.                     local subCDD = avgCDD_tpid[`tr_index']
 31.                     local subHDD = avgHDD_tpid[`tr_index']
 32.                     local subInc = avgInc_tgpid[`lg']
 33.                 restore
 34. 
.                 * pg assignment (matches their code)
.                 if "`var'"=="electricity" local pg=1
 35.                 else local pg=2
 36. 
.                 * income group at knot
.                 local deltacut = `subInc' - `ibar'
 37.                 if (`subInc' > `ibar') local ig=2
 38.                 else local ig=1
 39. 
.                 * build predictnl expression (UNSUFFIXED)
.                 local line ""
 40.                 local add ""
 41.                 foreach k of num 1/2 {
 42. 
.                     local line = "`line' `add' _b[c.indp`pg'#c.indf1#c.FD_tem
> p`k'] * (temp`k' - 20^`k')"
 43.                     local line = "`line' + above20*_b[c.indp`pg'#c.indf1#c
> .FD_cdd20_TINVtemp`k']*`subCDD' * (temp`k' - 20^`k')"
 44.                     local line = "`line' + below20*_b[c.indp`pg'#c.indf1#c
> .FD_hdd20_TINVtemp`k']*`subHDD' * (20^`k' - temp`k')"
 45.                     local line = "`line' + _b[c.indp`pg'#c.indf1#c.FD_dc1_
> lgdppc_MA15I`ig'temp`k']*`deltacut'*(temp`k' - 20^`k')"
 46. 
.                     * lininter/quadinter pieces
.                     local line = "`line' + _b[c.indp`pg'#c.indf1#c.FD_yeartem
> p`k'] * (temp`k' - 20^`k')*`year'"
 47.                     local line = "`line' + _b[c.indp`pg'#c.indf1#c.FD_dc1_
> lgdppc_MA15yearI`ig'temp`k']*`deltacut'*`year'*(temp`k' - 20^`k')"
 48. 
.                     * quadinter only
.                     local line = "`line' + _b[c.indp`pg'#c.indf1#c.FD_year2te
> mp`k'] * (temp`k' - 20^`k')*`year'*`year'"
 49.                     local line = "`line' + _b[c.indp`pg'#c.indf1#c.FD_dc1_
> lgdppc_MA15year2I`ig'temp`k']*`deltacut'*`year'*`year'*(temp`k' - 20^`k')"
 50. 
.                     local add " + "
 51.                 }
 52. 
.                 * load your product-specific ster
.                 estimates use "$STERD/FD_FGLS_inter_`model_name'_`product'.st
> er"
 53. 
.                 * trace out curve
.                 predictnl yhat`cellid' = `line', se(se`cellid') ci(lo`cellid'
>  hi`cellid')
 54. 
.                 * subplot
.                 tw ///
>                     rarea hi`cellid' lo`cellid' temp1, col(`col_main'%30) || 
> ///
>                     line yhat`cellid' temp1, lc(`col_main') || ///
>                     yline(0, lwidth(vthin)) ///
>                     xlabel(-5(10)35, labsize(vsmall)) ///
>                     ylabel(, labsize(vsmall) nogrid) legend(off) ///
>                     plotregion(color(white)) graphregion(color(white)) nodraw
>  ///
>                     name(Maddgraph`cellid', replace)
 55. 
.                 local graphicM "`graphicM' Maddgraph`cellid'"
 56.             }
 57.         }
 58. 
.         * combine + export
.         graph combine `graphicM', imargin(zero) ycomm rows(3) ///
>             title("Split Degree Days Poly 2 Interaction Model `var' | `produc
> t'", size(small)) ///
>             subtitle("`model_name' (`col_main')", size(vsmall)) ///
>             plotregion(color(white)) graphregion(color(white)) ///
>             name(comb, replace)
 59. 
.         cap mkdir "$OUTPUT/figures"
 60.         graph export "$OUTPUT/figures/fig_3x3_`var'_interacted_`model_name
> '_`product'.pdf", replace
 61.         graph drop _all
 62.     }
 63. }
================================================
Plotting product=GMFD fuel=electricity model=TINV_clim_quadinter
================================================
Number of observations (_N) was 0, now 41.
(41 missing values generated)

    Variable |        Obs        Mean    Std. dev.       Min        Max
-------------+---------------------------------------------------------
maxInc_la~ty |      2,807     9.08701           0    9.08701    9.08701

Duplicates in terms of tpid tgpid

(4,669 observations deleted)
warning: prediction doesn't vary with respect to e(b).
note: confidence intervals calculated using Z critical values.
) required
r(100);

end of do-file
r(100);
