
  ___  ____  ____  ____  ____ ®
 /__    /   ____/   /   ____/      18.0
___/   /   /___/   /   /___/       MP—Parallel Edition

 Statistics and Data Science       Copyright 1985-2023 StataCorp LLC
                                   StataCorp
                                   4905 Lakeway Drive
                                   College Station, Texas 77845 USA
                                   800-STATA-PC        https://www.stata.com
                                   979-696-4600        stata@stata.com

Stata license: 10-user 8-core network perpetual
Serial number: 501806318811
  Licensed to: Columbia Business School
               Columbia University, New York

Notes:
      1. Stata is running in batch mode.
      2. Unicode is supported; see help unicode_advice.
      3. More than 2 billion observations are allowed; see help obs_advice.
      4. Maximum number of variables is set to 5,000 but can be increased;
          see help set_maxvar.

. do FD_uninteracted_all.do 

. ************************************************************
. * 2_FD_uninteracted_all.do
. * Replicate CIL stacked "uninteracted" FD spec for all products
. * (GMFD, ERA5, JRA_3Q, MERRA2), with pop weights + FGLS,
. * AND export coefficients and vcov to CSV.
. *
. * Saves per product:
. *   $OUTDIR/FD_global_`product'.ster       (first stage)
. *   $OUTDIR/FD_FGLS_global_`product'.ster  (FGLS second stage)
. *
. * Also exports per product:
. *   $OUTDIR/FD_FGLS_global_`product'_coeff.csv
. *   $OUTDIR/FD_FGLS_global_`product'_vcov_long.csv
. *
. * NOTE on FGLS weights: the uninteracted spec uses the population-weighted
. * within-FE variance (matching the CIL original). This differs from the
. * interacted spec (3_FD_interacted_all.do), which uses the simpler sd()^2
. * approach. Do not make these consistent without checking with your mentor.
. ************************************************************
. 
. clear all

. set more off

. 
. global PROJECT "/user/ab5405/summeraliaclimate/code/energy_uncertainty"

. global DATA    "$PROJECT/data"

. global REGD    "$DATA/regression"

. global OUTDIR  "$DATA/regression/sters"

. cap mkdir "$OUTDIR"

. 
. local products "GMFD ERA5 JRA_3Q MERRA2"

. 
. foreach product of local products {
  2. 
.     di "==============================================="
  3.     di "  Uninteracted FD spec for `product'"
  4.     di "==============================================="
  5. 
.     * Load FD dataset for this product
.     use "$REGD/`product'_TINV_clim_regsort.dta", clear
  6. 
.     * Population weights: country share of world population within
.     * each year × product × flow cell, matching the CIL original.
.     bysort year product flow: egen year_product_flow_total_pop = total(pop)
  7.     gen pop_weight = pop / year_product_flow_total_pop
  8. 
.     * Set panel structure (match original CIL: tset not xtset)
.     sort region_i year
  9.     tset region_i year
 10. 
.     * ------------------------------------------------------------------
.     * Build regressor locals. All FD variables are UNSUFFIXED — the
.     * product-specific suffix was stripped when building the FD dataset
.     * in 0_build_FD_dataset_all.do, so no _GMFD/_ERA5 etc. here.
.     * ------------------------------------------------------------------
. 
.     * Precipitation: indp × indf1 × FD_precipk
.     local precip_r ""
 11.     forval pg = 1/2 {
 12.         forval k = 1/2 {
 13.             local precip_r "`precip_r' c.indp`pg'#c.indf1#c.FD_precip`k'"
 14.         }
 15.     }
 16. 
.     * Temperature quartic: indp × indf1 × FD_tempk
.     * NOTE: forval k = 1(1)4 is the correct Stata syntax for 1,2,3,4.
.     * forval k = 1/4 would be parsed as 0.25 and the loop would not run.
.     local temp_r ""
 17.     forval pg = 1/2 {
 18.         forval k = 1(1)4 {
 19.             local temp_r "`temp_r' c.indp`pg'#c.indf1#c.FD_temp`k'"
 20.         }
 21.     }
 22. 
.     * ------------------------------------------------------------------
.     * First stage: pop-weighted FD regression (match CIL original).
.     * Residuals are saved for FGLS weight construction below.
.     * ------------------------------------------------------------------
.     reghdfe FD_load_pc `temp_r' `precip_r' [pw = pop_weight], ///
>         absorb(i.flow_i#i.product_i#i.year#i.subregionid) ///
>         vce(cluster region_i) residuals(resid)
 23. 
.     estimates save "$OUTDIR/FD_global_`product'", replace
 24. 
.     * ------------------------------------------------------------------
.     * FGLS weight construction (match CIL original for uninteracted spec):
.     * Compute population-weighted within-region variance of residuals,
.     * then set FGLS weight = pop_weight / weighted_residual_variance.
.     * Drop singletons: Stata rounding can produce nonzero weights when
.     * (resid - weighted_mean) should be exactly zero.
.     * ------------------------------------------------------------------
.     drop if resid == .
 25. 
.     bysort region_i: gen count = _N
 26. 
.     * Relative population weights within each region FE
.     bysort region_i: egen sum_of_weights_in_FE = total(pop_weight)
 27.     gen for_variance_weighting = pop_weight / sum_of_weights_in_FE
 28. 
.     * Weighted mean residual within each region FE
.     gen weighted_residual = for_variance_weighting * resid
 29.     bysort region_i: egen weighted_mean_resid_FE_level = mean(weighted_res
> idual)
 30. 
.     * Weighted within-FE variance
.     gen square_term_weighted = for_variance_weighting * ///
>         (resid - weighted_mean_resid_FE_level) ^ 2
 31.     bysort region_i: egen weighted_residual_variance = total(square_term_w
> eighted)
 32. 
.     * Final FGLS weights: population weight divided by within-FE variance
.     gen FGLS_weight = pop_weight / weighted_residual_variance
 33. 
.     * Drop singletons (weight numerically unstable due to Stata rounding)
.     drop if count == 1
 34. 
.     * ------------------------------------------------------------------
.     * Second stage: FGLS regression with population-variance weights
.     * ------------------------------------------------------------------
.     reghdfe FD_load_pc `temp_r' `precip_r' [pw = FGLS_weight], ///
>         absorb(i.flow_i#i.product_i#i.year#i.subregionid) ///
>         vce(cluster region_i)
 35. 
.     estimates save "$OUTDIR/FD_FGLS_global_`product'", replace
 36. 
.     * ------------------------------------------------------------------
.     * Export coefficient vector (parm, beta) to CSV
.     * ------------------------------------------------------------------
.     matrix b = e(b)
 37.     local k = colsof(b)
 38.     local names : colnames b
 39. 
.     preserve
 40.         clear
 41.         set obs `k'
 42.         gen strL parm = ""
 43.         gen double beta = .
 44. 
.         local j = 1
 45.         foreach nm of local names {
 46.             replace parm = "`nm'" in `j'
 47.             replace beta = b[1,`j'] in `j'
 48.             local ++j
 49.         }
 50. 
.         order parm beta
 51.         export delimited using ///
>             "$OUTDIR/FD_FGLS_global_`product'_coeff.csv", replace
 52.     restore
 53. 
.     * ------------------------------------------------------------------
.     * Export variance-covariance matrix (long format: parm_i, parm_j, v)
.     * ------------------------------------------------------------------
.     matrix V = e(V)
 54.     local k = rowsof(V)
 55.     local names : rownames V
 56. 
.     preserve
 57.         clear
 58.         set obs `=`k' * `k''
 59.         gen strL parm_i = ""
 60.         gen strL parm_j = ""
 61.         gen double v = .
 62. 
.         local r = 1
 63.         forvalues ii = 1/`k' {
 64.             forvalues jj = 1/`k' {
 65.                 local name_i : word `ii' of `names'
 66.                 local name_j : word `jj' of `names'
 67.                 replace parm_i = "`name_i'" in `r'
 68.                 replace parm_j = "`name_j'" in `r'
 69.                 replace v = V[`ii',`jj'] in `r'
 70.                 local ++r
 71.             }
 72.         }
 73. 
.         order parm_i parm_j v
 74.         export delimited using ///
>             "$OUTDIR/FD_FGLS_global_`product'_vcov_long.csv", replace
 75.     restore
 76. 
.     di as res "Finished `product': sters and CSVs saved to $OUTDIR"
 77. 
. } // end foreach product
===============================================
  Uninteracted FD spec for GMFD
===============================================

Panel variable: region_i (unbalanced)
 Time variable: year, 1971 to 2010, but with gaps
         Delta: 1 unit
(dropped 77 singleton observations)
(MWFE estimator converged in 1 iterations)

HDFE Linear regression                            Number of obs   =      5,883
Absorbing 1 HDFE group                            F(  12,    493) =       0.98
Statistics robust to heteroskedasticity           Prob > F        =     0.4661
                                                  R-squared       =     0.3859
                                                  Adj R-squared   =     0.3109
                                                  Within R-sq.    =     0.0016
Number of clusters (region_i) =        494        Root MSE        =     1.0839

                             (Std. err. adjusted for 494 clusters in region_i)
------------------------------------------------------------------------------
             |               Robust
  FD_load_pc | Coefficient  std. err.      t    P>|t|     [95% conf. interval]
-------------+----------------------------------------------------------------
     c.indp1#|
     c.indf1#|
  c.FD_temp1 |  -.0002174   .0001764    -1.23   0.218     -.000564    .0001292
             |
     c.indp1#|
     c.indf1#|
  c.FD_temp2 |   1.44e-06   7.85e-06     0.18   0.855     -.000014    .0000169
             |
     c.indp1#|
     c.indf1#|
  c.FD_temp3 |   6.70e-07   3.76e-07     1.78   0.075    -6.82e-08    1.41e-06
             |
     c.indp1#|
     c.indf1#|
  c.FD_temp4 |  -1.52e-08   1.11e-08    -1.36   0.174    -3.70e-08    6.70e-09
             |
     c.indp2#|
     c.indf1#|
  c.FD_temp1 |  -.0011885   .0011073    -1.07   0.284    -.0033642    .0009872
             |
     c.indp2#|
     c.indf1#|
  c.FD_temp2 |   .0000327   .0000655     0.50   0.618    -.0000959    .0001613
             |
     c.indp2#|
     c.indf1#|
  c.FD_temp3 |   5.70e-07   2.24e-06     0.25   0.799    -3.83e-06    4.98e-06
             |
     c.indp2#|
     c.indf1#|
  c.FD_temp4 |  -2.37e-08   5.21e-08    -0.45   0.650    -1.26e-07    7.88e-08
             |
     c.indp1#|
     c.indf1#|
c.FD_precip1 |   -.000705   .0009919    -0.71   0.478    -.0026538    .0012439
             |
     c.indp1#|
     c.indf1#|
c.FD_precip2 |  -5.16e-07   1.48e-06    -0.35   0.728    -3.43e-06    2.40e-06
             |
     c.indp2#|
     c.indf1#|
c.FD_precip1 |  -.0008582   .0028761    -0.30   0.766    -.0065092    .0047928
             |
     c.indp2#|
     c.indf1#|
c.FD_precip2 |  -1.76e-06   4.07e-06    -0.43   0.665    -9.75e-06    6.23e-06
             |
       _cons |   .1126172   .0174619     6.45   0.000     .0783083    .1469261
------------------------------------------------------------------------------

Absorbed degrees of freedom:
-------------------------------------------------------------------------------
> --+
                             Absorbed FE | Categories  - Redundant  = Num. Coef
> s                                                                            
>   |
-----------------------------------------+-------------------------------------
> --|
       flow_i#product_i#year#subregionid |       629           0         629   
>                                                                              
>   |
-------------------------------------------------------------------------------
> --+
file /user/ab5405/summeraliaclimate/code/energy_uncertainty/data/regression/ste
> rs/FD_global_GMFD.ster saved
(2,418 observations deleted)
(50 observations deleted)
(MWFE estimator converged in 1 iterations)

HDFE Linear regression                            Number of obs   =      5,833
Absorbing 1 HDFE group                            F(  12,    443) =       2.72
Statistics robust to heteroskedasticity           Prob > F        =     0.0014
                                                  R-squared       =     0.9641
                                                  Adj R-squared   =     0.9597
                                                  Within R-sq.    =     0.0099
Number of clusters (region_i) =        444        Root MSE        =     0.0199

                             (Std. err. adjusted for 444 clusters in region_i)
------------------------------------------------------------------------------
             |               Robust
  FD_load_pc | Coefficient  std. err.      t    P>|t|     [95% conf. interval]
-------------+----------------------------------------------------------------
     c.indp1#|
     c.indf1#|
  c.FD_temp1 |   .0000224   .0000752     0.30   0.766    -.0001253    .0001701
             |
     c.indp1#|
     c.indf1#|
  c.FD_temp2 |  -9.49e-07   4.14e-06    -0.23   0.819    -9.08e-06    7.18e-06
             |
     c.indp1#|
     c.indf1#|
  c.FD_temp3 |   5.10e-08   2.27e-07     0.22   0.822    -3.95e-07    4.96e-07
             |
     c.indp1#|
     c.indf1#|
  c.FD_temp4 |  -1.03e-09   4.09e-09    -0.25   0.801    -9.07e-09    7.01e-09
             |
     c.indp2#|
     c.indf1#|
  c.FD_temp1 |  -.0007031   .0005011    -1.40   0.161     -.001688    .0002818
             |
     c.indp2#|
     c.indf1#|
  c.FD_temp2 |   1.83e-06   .0000249     0.07   0.942    -.0000471    .0000507
             |
     c.indp2#|
     c.indf1#|
  c.FD_temp3 |   1.24e-06   1.61e-06     0.77   0.441    -1.92e-06    4.40e-06
             |
     c.indp2#|
     c.indf1#|
  c.FD_temp4 |  -2.54e-08   2.58e-08    -0.98   0.325    -7.62e-08    2.53e-08
             |
     c.indp1#|
     c.indf1#|
c.FD_precip1 |  -.0002846    .000395    -0.72   0.472    -.0010609    .0004916
             |
     c.indp1#|
     c.indf1#|
c.FD_precip2 |   9.47e-08   5.66e-07     0.17   0.867    -1.02e-06    1.21e-06
             |
     c.indp2#|
     c.indf1#|
c.FD_precip1 |  -2.27e-06   .0014494    -0.00   0.999    -.0028508    .0028463
             |
     c.indp2#|
     c.indf1#|
c.FD_precip2 |  -2.46e-06   1.59e-06    -1.54   0.124    -5.59e-06    6.73e-07
             |
       _cons |    .058397   .0002278   256.39   0.000     .0579493    .0588446
------------------------------------------------------------------------------

Absorbed degrees of freedom:
-------------------------------------------------------------------------------
> --+
                             Absorbed FE | Categories  - Redundant  = Num. Coef
> s                                                                            
>   |
-----------------------------------------+-------------------------------------
> --|
       flow_i#product_i#year#subregionid |       629           0         629   
>                                                                              
>   |
-------------------------------------------------------------------------------
> --+
file /user/ab5405/summeraliaclimate/code/energy_uncertainty/data/regression/ste
> rs/FD_FGLS_global_GMFD.ster saved
Number of observations (_N) was 0, now 13.
(13 missing values generated)
(13 missing values generated)
(1 real change made)
(1 real change made)
(1 real change made)
(1 real change made)
(1 real change made)
(1 real change made)
(1 real change made)
(1 real change made)
(1 real change made)
(1 real change made)
(1 real change made)
(1 real change made)
(1 real change made)
(1 real change made)
(1 real change made)
(1 real change made)
(1 real change made)
(1 real change made)
(1 real change made)
(1 real change made)
(1 real change made)
(1 real change made)
(1 real change made)
(1 real change made)
(1 real change made)
(1 real change made)
file /user/ab5405/summeraliaclimate/code/energy_uncertainty/data/regression/ste
> rs/FD_FGLS_global_GMFD_coeff.csv saved
Number of observations (_N) was 0, now 169.
(169 missing values generated)
(169 missing values generated)
(169 missing values generated)
(1 real change made)
(1 real change made)
(1 real change made)
(1 real change made)
(1 real change made)
(1 real change made)
(1 real change made)
(1 real change made)
(1 real change made)
(1 real change made)
(1 real change made)
(1 real change made)
(1 real change made)
(1 real change made)
(1 real change made)
(1 real change made)
(1 real change made)
(1 real change made)
(1 real change made)
(1 real change made)
(1 real change made)
(1 real change made)
(1 real change made)
(1 real change made)
(1 real change made)
(1 real change made)
(1 real change made)
(1 real change made)
(1 real change made)
(1 real change made)
(1 real change made)
(1 real change made)
(1 real change made)
(1 real change made)
(1 real change made)
(1 real change made)
(1 real change made)
(1 real change made)
(1 real change made)
(1 real change made)
(1 real change made)
(1 real change made)
(1 real change made)
(1 real change made)
(1 real change made)
(1 real change made)
(1 real change made)
(1 real change made)
(1 real change made)
(1 real change made)
(1 real change made)
(1 real change made)
(1 real change made)
(1 real change made)
(1 real change made)
(1 real change made)
(1 real change made)
(1 real change made)
(1 real change made)
(1 real change made)
(1 real change made)
(1 real change made)
(1 real change made)
(1 real change made)
(1 real change made)
(1 real change made)
(1 real change made)
(1 real change made)
(1 real change made)
(1 real change made)
(1 real change made)
(1 real change made)
(1 real change made)
(1 real change made)
(1 real change made)
(1 real change made)
(1 real change made)
(1 real change made)
(1 real change made)
(1 real change made)
(1 real change made)
(1 real change made)
(1 real change made)
(1 real change made)
(1 real change made)
(1 real change made)
(1 real change made)
(1 real change made)
(1 real change made)
(1 real change made)
(1 real change made)
(1 real change made)
(1 real change made)
(1 real change made)
(1 real change made)
(1 real change made)
(1 real change made)
(1 real change made)
(1 real change made)
(1 real change made)
(1 real change made)
(1 real change made)
(1 real change made)
(1 real change made)
(1 real change made)
(1 real change made)
(1 real change made)
(1 real change made)
(1 real change made)
(1 real change made)
(1 real change made)
(1 real change made)
(1 real change made)
(1 real change made)
(1 real change made)
(1 real change made)
(1 real change made)
(1 real change made)
(1 real change made)
(1 real change made)
(1 real change made)
(1 real change made)
(1 real change made)
(1 real change made)
(1 real change made)
(1 real change made)
(1 real change made)
(1 real change made)
(1 real change made)
(1 real change made)
(1 real change made)
(1 real change made)
(1 real change made)
(1 real change made)
(1 real change made)
(1 real change made)
(1 real change made)
(1 real change made)
(1 real change made)
(1 real change made)
(1 real change made)
(1 real change made)
(1 real change made)
(1 real change made)
(1 real change made)
(1 real change made)
(1 real change made)
(1 real change made)
(1 real change made)
(1 real change made)
(1 real change made)
(1 real change made)
(1 real change made)
(1 real change made)
(1 real change made)
(1 real change made)
(1 real change made)
(1 real change made)
(1 real change made)
(1 real change made)
(1 real change made)
(1 real change made)
(1 real change made)
(1 real change made)
(1 real change made)
(1 real change made)
(1 real change made)
(1 real change made)
(1 real change made)
(1 real change made)
(1 real change made)
(1 real change made)
(1 real change made)
(1 real change made)
(1 real change made)
(1 real change made)
(1 real change made)
(1 real change made)
(1 real change made)
(1 real change made)
(1 real change made)
(1 real change made)
(1 real change made)
(1 real change made)
(1 real change made)
(1 real change made)
(1 real change made)
(1 real change made)
(1 real change made)
(1 real change made)
(1 real change made)
(1 real change made)
(1 real change made)
(1 real change made)
(1 real change made)
(1 real change made)
(1 real change made)
(1 real change made)
(1 real change made)
(1 real change made)
(1 real change made)
(1 real change made)
(1 real change made)
(1 real change made)
(1 real change made)
(1 real change made)
(1 real change made)
(1 real change made)
(1 real change made)
(1 real change made)
(1 real change made)
(1 real change made)
(1 real change made)
(1 real change made)
(1 real change made)
(1 real change made)
(1 real change made)
(1 real change made)
(1 real change made)
(1 real change made)
(1 real change made)
(1 real change made)
(1 real change made)
(1 real change made)
(1 real change made)
(1 real change made)
(1 real change made)
(1 real change made)
(1 real change made)
(1 real change made)
(1 real change made)
(1 real change made)
(1 real change made)
(1 real change made)
(1 real change made)
(1 real change made)
(1 real change made)
(1 real change made)
(1 real change made)
(1 real change made)
(1 real change made)
(1 real change made)
(1 real change made)
(1 real change made)
(1 real change made)
(1 real change made)
(1 real change made)
(1 real change made)
(1 real change made)
(1 real change made)
(1 real change made)
(1 real change made)
(1 real change made)
(1 real change made)
(1 real change made)
(1 real change made)
(1 real change made)
(1 real change made)
(1 real change made)
(1 real change made)
(1 real change made)
(1 real change made)
(1 real change made)
(1 real change made)
(1 real change made)
(1 real change made)
(1 real change made)
(1 real change made)
(1 real change made)
(1 real change made)
(1 real change made)
(1 real change made)
(1 real change made)
(1 real change made)
(1 real change made)
(1 real change made)
(1 real change made)
(1 real change made)
(1 real change made)
(1 real change made)
(1 real change made)
(1 real change made)
(1 real change made)
(1 real change made)
(1 real change made)
(1 real change made)
(1 real change made)
(1 real change made)
(1 real change made)
(1 real change made)
(1 real change made)
(1 real change made)
(1 real change made)
(1 real change made)
(1 real change made)
(1 real change made)
(1 real change made)
(1 real change made)
(1 real change made)
(1 real change made)
(1 real change made)
(1 real change made)
(1 real change made)
(1 real change made)
(1 real change made)
(1 real change made)
(1 real change made)
(1 real change made)
(1 real change made)
(1 real change made)
(1 real change made)
(1 real change made)
(1 real change made)
(1 real change made)
(1 real change made)
(1 real change made)
(1 real change made)
(1 real change made)
(1 real change made)
(1 real change made)
(1 real change made)
(1 real change made)
(1 real change made)
(1 real change made)
(1 real change made)
(1 real change made)
(1 real change made)
(1 real change made)
(1 real change made)
(1 real change made)
(1 real change made)
(1 real change made)
(1 real change made)
(1 real change made)
(1 real change made)
(1 real change made)
(1 real change made)
(1 real change made)
(1 real change made)
(1 real change made)
(1 real change made)
(1 real change made)
(1 real change made)
(1 real change made)
(1 real change made)
(1 real change made)
(1 real change made)
(1 real change made)
(1 real change made)
(1 real change made)
(1 real change made)
(1 real change made)
(1 real change made)
(1 real change made)
(1 real change made)
(1 real change made)
(1 real change made)
(1 real change made)
(1 real change made)
(1 real change made)
(1 real change made)
(1 real change made)
(1 real change made)
(1 real change made)
(1 real change made)
(1 real change made)
(1 real change made)
(1 real change made)
(1 real change made)
(1 real change made)
(1 real change made)
(1 real change made)
(1 real change made)
(1 real change made)
(1 real change made)
(1 real change made)
(1 real change made)
(1 real change made)
(1 real change made)
(1 real change made)
(1 real change made)
(1 real change made)
(1 real change made)
(1 real change made)
(1 real change made)
(1 real change made)
(1 real change made)
(1 real change made)
(1 real change made)
(1 real change made)
(1 real change made)
(1 real change made)
(1 real change made)
(1 real change made)
(1 real change made)
(1 real change made)
(1 real change made)
(1 real change made)
(1 real change made)
(1 real change made)
(1 real change made)
(1 real change made)
(1 real change made)
(1 real change made)
(1 real change made)
(1 real change made)
(1 real change made)
(1 real change made)
(1 real change made)
(1 real change made)
(1 real change made)
(1 real change made)
(1 real change made)
(1 real change made)
(1 real change made)
(1 real change made)
(1 real change made)
(1 real change made)
(1 real change made)
(1 real change made)
(1 real change made)
(1 real change made)
(1 real change made)
(1 real change made)
(1 real change made)
(1 real change made)
(1 real change made)
(1 real change made)
(1 real change made)
(1 real change made)
(1 real change made)
(1 real change made)
(1 real change made)
(1 real change made)
(1 real change made)
(1 real change made)
(1 real change made)
(1 real change made)
(1 real change made)
(1 real change made)
(1 real change made)
(1 real change made)
(1 real change made)
(1 real change made)
(1 real change made)
(1 real change made)
(1 real change made)
(1 real change made)
(1 real change made)
(1 real change made)
(1 real change made)
(1 real change made)
(1 real change made)
(1 real change made)
(1 real change made)
(1 real change made)
(1 real change made)
(1 real change made)
(1 real change made)
(1 real change made)
(1 real change made)
(1 real change made)
(1 real change made)
(1 real change made)
(1 real change made)
(1 real change made)
(1 real change made)
(1 real change made)
(1 real change made)
(1 real change made)
(1 real change made)
(1 real change made)
(1 real change made)
(1 real change made)
(1 real change made)
(1 real change made)
(1 real change made)
(1 real change made)
(1 real change made)
(1 real change made)
(1 real change made)
(1 real change made)
(1 real change made)
(1 real change made)
(1 real change made)
(1 real change made)
(1 real change made)
(1 real change made)
(1 real change made)
(1 real change made)
(1 real change made)
(1 real change made)
(1 real change made)
(1 real change made)
(1 real change made)
(1 real change made)
(1 real change made)
(1 real change made)
(1 real change made)
(1 real change made)
(1 real change made)
(1 real change made)
(1 real change made)
(1 real change made)
(1 real change made)
(1 real change made)
(1 real change made)
file /user/ab5405/summeraliaclimate/code/energy_uncertainty/data/regression/ste
> rs/FD_FGLS_global_GMFD_vcov_long.csv saved
Finished GMFD: sters and CSVs saved to /user/ab5405/summeraliaclimate/code/ener
> gy_uncertainty/data/regression/sters
===============================================
  Uninteracted FD spec for ERA5
===============================================

Panel variable: region_i (unbalanced)
 Time variable: year, 1971 to 2010, but with gaps
         Delta: 1 unit
(dropped 77 singleton observations)
(MWFE estimator converged in 1 iterations)

HDFE Linear regression                            Number of obs   =      5,883
Absorbing 1 HDFE group                            F(  12,    493) =       0.99
Statistics robust to heteroskedasticity           Prob > F        =     0.4535
                                                  R-squared       =     0.3857
                                                  Adj R-squared   =     0.3107
                                                  Within R-sq.    =     0.0013
Number of clusters (region_i) =        494        Root MSE        =     1.0841

                             (Std. err. adjusted for 494 clusters in region_i)
------------------------------------------------------------------------------
             |               Robust
  FD_load_pc | Coefficient  std. err.      t    P>|t|     [95% conf. interval]
-------------+----------------------------------------------------------------
     c.indp1#|
     c.indf1#|
  c.FD_temp1 |  -.0003004   .0002095    -1.43   0.152     -.000712    .0001113
             |
     c.indp1#|
     c.indf1#|
  c.FD_temp2 |   3.25e-06   7.18e-06     0.45   0.651    -.0000109    .0000174
             |
     c.indp1#|
     c.indf1#|
  c.FD_temp3 |   3.80e-07   3.15e-07     1.21   0.229    -2.39e-07    9.99e-07
             |
     c.indp1#|
     c.indf1#|
  c.FD_temp4 |  -5.26e-09   8.83e-09    -0.60   0.552    -2.26e-08    1.21e-08
             |
     c.indp2#|
     c.indf1#|
  c.FD_temp1 |  -.0003252   .0009328    -0.35   0.728     -.002158    .0015077
             |
     c.indp2#|
     c.indf1#|
  c.FD_temp2 |   2.93e-07   .0000603     0.00   0.996    -.0001181    .0001187
             |
     c.indp2#|
     c.indf1#|
  c.FD_temp3 |  -5.09e-07   2.00e-06    -0.25   0.799    -4.43e-06    3.41e-06
             |
     c.indp2#|
     c.indf1#|
  c.FD_temp4 |   1.86e-08   4.18e-08     0.45   0.656    -6.36e-08    1.01e-07
             |
     c.indp1#|
     c.indf1#|
c.FD_precip1 |  -84205.88   77886.93    -1.08   0.280    -237237.1    68825.38
             |
     c.indp1#|
     c.indf1#|
c.FD_precip2 |   2.88e+09   6.84e+09     0.42   0.674    -1.06e+10    1.63e+10
             |
     c.indp2#|
     c.indf1#|
c.FD_precip1 |    -329778   248337.4    -1.33   0.185    -817708.2    158152.1
             |
     c.indp2#|
     c.indf1#|
c.FD_precip2 |   2.99e+10   2.46e+10     1.21   0.226    -1.85e+10    7.82e+10
             |
       _cons |    .111537   .0175796     6.34   0.000     .0769969    .1460771
------------------------------------------------------------------------------

Absorbed degrees of freedom:
-------------------------------------------------------------------------------
> --+
                             Absorbed FE | Categories  - Redundant  = Num. Coef
> s                                                                            
>   |
-----------------------------------------+-------------------------------------
> --|
       flow_i#product_i#year#subregionid |       629           0         629   
>                                                                              
>   |
-------------------------------------------------------------------------------
> --+
file /user/ab5405/summeraliaclimate/code/energy_uncertainty/data/regression/ste
> rs/FD_global_ERA5.ster saved
(2,418 observations deleted)
(50 observations deleted)
(MWFE estimator converged in 1 iterations)

HDFE Linear regression                            Number of obs   =      5,833
Absorbing 1 HDFE group                            F(  12,    443) =       1.40
Statistics robust to heteroskedasticity           Prob > F        =     0.1626
                                                  R-squared       =     0.9642
                                                  Adj R-squared   =     0.9598
                                                  Within R-sq.    =     0.0077
Number of clusters (region_i) =        444        Root MSE        =     0.0217

                             (Std. err. adjusted for 444 clusters in region_i)
------------------------------------------------------------------------------
             |               Robust
  FD_load_pc | Coefficient  std. err.      t    P>|t|     [95% conf. interval]
-------------+----------------------------------------------------------------
     c.indp1#|
     c.indf1#|
  c.FD_temp1 |  -.0000223   .0000723    -0.31   0.758    -.0001644    .0001198
             |
     c.indp1#|
     c.indf1#|
  c.FD_temp2 |   4.08e-07   3.43e-06     0.12   0.905    -6.33e-06    7.14e-06
             |
     c.indp1#|
     c.indf1#|
  c.FD_temp3 |   9.13e-08   1.69e-07     0.54   0.589    -2.40e-07    4.23e-07
             |
     c.indp1#|
     c.indf1#|
  c.FD_temp4 |  -2.47e-09   3.00e-09    -0.82   0.411    -8.37e-09    3.43e-09
             |
     c.indp2#|
     c.indf1#|
  c.FD_temp1 |   .0001396   .0009477     0.15   0.883    -.0017229    .0020021
             |
     c.indp2#|
     c.indf1#|
  c.FD_temp2 |  -.0000104   .0000293    -0.35   0.723    -.0000681    .0000473
             |
     c.indp2#|
     c.indf1#|
  c.FD_temp3 |  -6.15e-08   1.51e-06    -0.04   0.968    -3.03e-06    2.91e-06
             |
     c.indp2#|
     c.indf1#|
  c.FD_temp4 |   7.31e-09   2.95e-08     0.25   0.805    -5.08e-08    6.54e-08
             |
     c.indp1#|
     c.indf1#|
c.FD_precip1 |  -40491.16   23728.19    -1.71   0.089    -87124.96    6142.634
             |
     c.indp1#|
     c.indf1#|
c.FD_precip2 |   2.65e+09   2.72e+09     0.97   0.330    -2.69e+09    7.99e+09
             |
     c.indp2#|
     c.indf1#|
c.FD_precip1 |  -203343.5   165263.8    -1.23   0.219    -528141.9      121455
             |
     c.indp2#|
     c.indf1#|
c.FD_precip2 |   1.60e+10   1.72e+10     0.93   0.354    -1.78e+10    4.97e+10
             |
       _cons |   .0601564   .0003394   177.26   0.000     .0594895    .0608234
------------------------------------------------------------------------------

Absorbed degrees of freedom:
-------------------------------------------------------------------------------
> --+
                             Absorbed FE | Categories  - Redundant  = Num. Coef
> s                                                                            
>   |
-----------------------------------------+-------------------------------------
> --|
       flow_i#product_i#year#subregionid |       629           0         629   
>                                                                              
>   |
-------------------------------------------------------------------------------
> --+
file /user/ab5405/summeraliaclimate/code/energy_uncertainty/data/regression/ste
> rs/FD_FGLS_global_ERA5.ster saved
Number of observations (_N) was 0, now 13.
(13 missing values generated)
(13 missing values generated)
(1 real change made)
(1 real change made)
(1 real change made)
(1 real change made)
(1 real change made)
(1 real change made)
(1 real change made)
(1 real change made)
(1 real change made)
(1 real change made)
(1 real change made)
(1 real change made)
(1 real change made)
(1 real change made)
(1 real change made)
(1 real change made)
(1 real change made)
(1 real change made)
(1 real change made)
(1 real change made)
(1 real change made)
(1 real change made)
(1 real change made)
(1 real change made)
(1 real change made)
(1 real change made)
file /user/ab5405/summeraliaclimate/code/energy_uncertainty/data/regression/ste
> rs/FD_FGLS_global_ERA5_coeff.csv saved
Number of observations (_N) was 0, now 169.
(169 missing values generated)
(169 missing values generated)
(169 missing values generated)
(1 real change made)
(1 real change made)
(1 real change made)
(1 real change made)
(1 real change made)
(1 real change made)
(1 real change made)
(1 real change made)
(1 real change made)
(1 real change made)
(1 real change made)
(1 real change made)
(1 real change made)
(1 real change made)
(1 real change made)
(1 real change made)
(1 real change made)
(1 real change made)
(1 real change made)
(1 real change made)
(1 real change made)
(1 real change made)
(1 real change made)
(1 real change made)
(1 real change made)
(1 real change made)
(1 real change made)
(1 real change made)
(1 real change made)
(1 real change made)
(1 real change made)
(1 real change made)
(1 real change made)
(1 real change made)
(1 real change made)
(1 real change made)
(1 real change made)
(1 real change made)
(1 real change made)
(1 real change made)
(1 real change made)
(1 real change made)
(1 real change made)
(1 real change made)
(1 real change made)
(1 real change made)
(1 real change made)
(1 real change made)
(1 real change made)
(1 real change made)
(1 real change made)
(1 real change made)
(1 real change made)
(1 real change made)
(1 real change made)
(1 real change made)
(1 real change made)
(1 real change made)
(1 real change made)
(1 real change made)
(1 real change made)
(1 real change made)
(1 real change made)
(1 real change made)
(1 real change made)
(1 real change made)
(1 real change made)
(1 real change made)
(1 real change made)
(1 real change made)
(1 real change made)
(1 real change made)
(1 real change made)
(1 real change made)
(1 real change made)
(1 real change made)
(1 real change made)
(1 real change made)
(1 real change made)
(1 real change made)
(1 real change made)
(1 real change made)
(1 real change made)
(1 real change made)
(1 real change made)
(1 real change made)
(1 real change made)
(1 real change made)
(1 real change made)
(1 real change made)
(1 real change made)
(1 real change made)
(1 real change made)
(1 real change made)
(1 real change made)
(1 real change made)
(1 real change made)
(1 real change made)
(1 real change made)
(1 real change made)
(1 real change made)
(1 real change made)
(1 real change made)
(1 real change made)
(1 real change made)
(1 real change made)
(1 real change made)
(1 real change made)
(1 real change made)
(1 real change made)
(1 real change made)
(1 real change made)
(1 real change made)
(1 real change made)
(1 real change made)
(1 real change made)
(1 real change made)
(1 real change made)
(1 real change made)
(1 real change made)
(1 real change made)
(1 real change made)
(1 real change made)
(1 real change made)
(1 real change made)
(1 real change made)
(1 real change made)
(1 real change made)
(1 real change made)
(1 real change made)
(1 real change made)
(1 real change made)
(1 real change made)
(1 real change made)
(1 real change made)
(1 real change made)
(1 real change made)
(1 real change made)
(1 real change made)
(1 real change made)
(1 real change made)
(1 real change made)
(1 real change made)
(1 real change made)
(1 real change made)
(1 real change made)
(1 real change made)
(1 real change made)
(1 real change made)
(1 real change made)
(1 real change made)
(1 real change made)
(1 real change made)
(1 real change made)
(1 real change made)
(1 real change made)
(1 real change made)
(1 real change made)
(1 real change made)
(1 real change made)
(1 real change made)
(1 real change made)
(1 real change made)
(1 real change made)
(1 real change made)
(1 real change made)
(1 real change made)
(1 real change made)
(1 real change made)
(1 real change made)
(1 real change made)
(1 real change made)
(1 real change made)
(1 real change made)
(1 real change made)
(1 real change made)
(1 real change made)
(1 real change made)
(1 real change made)
(1 real change made)
(1 real change made)
(1 real change made)
(1 real change made)
(1 real change made)
(1 real change made)
(1 real change made)
(1 real change made)
(1 real change made)
(1 real change made)
(1 real change made)
(1 real change made)
(1 real change made)
(1 real change made)
(1 real change made)
(1 real change made)
(1 real change made)
(1 real change made)
(1 real change made)
(1 real change made)
(1 real change made)
(1 real change made)
(1 real change made)
(1 real change made)
(1 real change made)
(1 real change made)
(1 real change made)
(1 real change made)
(1 real change made)
(1 real change made)
(1 real change made)
(1 real change made)
(1 real change made)
(1 real change made)
(1 real change made)
(1 real change made)
(1 real change made)
(1 real change made)
(1 real change made)
(1 real change made)
(1 real change made)
(1 real change made)
(1 real change made)
(1 real change made)
(1 real change made)
(1 real change made)
(1 real change made)
(1 real change made)
(1 real change made)
(1 real change made)
(1 real change made)
(1 real change made)
(1 real change made)
(1 real change made)
(1 real change made)
(1 real change made)
(1 real change made)
(1 real change made)
(1 real change made)
(1 real change made)
(1 real change made)
(1 real change made)
(1 real change made)
(1 real change made)
(1 real change made)
(1 real change made)
(1 real change made)
(1 real change made)
(1 real change made)
(1 real change made)
(1 real change made)
(1 real change made)
(1 real change made)
(1 real change made)
(1 real change made)
(1 real change made)
(1 real change made)
(1 real change made)
(1 real change made)
(1 real change made)
(1 real change made)
(1 real change made)
(1 real change made)
(1 real change made)
(1 real change made)
(1 real change made)
(1 real change made)
(1 real change made)
(1 real change made)
(1 real change made)
(1 real change made)
(1 real change made)
(1 real change made)
(1 real change made)
(1 real change made)
(1 real change made)
(1 real change made)
(1 real change made)
(1 real change made)
(1 real change made)
(1 real change made)
(1 real change made)
(1 real change made)
(1 real change made)
(1 real change made)
(1 real change made)
(1 real change made)
(1 real change made)
(1 real change made)
(1 real change made)
(1 real change made)
(1 real change made)
(1 real change made)
(1 real change made)
(1 real change made)
(1 real change made)
(1 real change made)
(1 real change made)
(1 real change made)
(1 real change made)
(1 real change made)
(1 real change made)
(1 real change made)
(1 real change made)
(1 real change made)
(1 real change made)
(1 real change made)
(1 real change made)
(1 real change made)
(1 real change made)
(1 real change made)
(1 real change made)
(1 real change made)
(1 real change made)
(1 real change made)
(1 real change made)
(1 real change made)
(1 real change made)
(1 real change made)
(1 real change made)
(1 real change made)
(1 real change made)
(1 real change made)
(1 real change made)
(1 real change made)
(1 real change made)
(1 real change made)
(1 real change made)
(1 real change made)
(1 real change made)
(1 real change made)
(1 real change made)
(1 real change made)
(1 real change made)
(1 real change made)
(1 real change made)
(1 real change made)
(1 real change made)
(1 real change made)
(1 real change made)
(1 real change made)
(1 real change made)
(1 real change made)
(1 real change made)
(1 real change made)
(1 real change made)
(1 real change made)
(1 real change made)
(1 real change made)
(1 real change made)
(1 real change made)
(1 real change made)
(1 real change made)
(1 real change made)
(1 real change made)
(1 real change made)
(1 real change made)
(1 real change made)
(1 real change made)
(1 real change made)
(1 real change made)
(1 real change made)
(1 real change made)
(1 real change made)
(1 real change made)
(1 real change made)
(1 real change made)
(1 real change made)
(1 real change made)
(1 real change made)
(1 real change made)
(1 real change made)
(1 real change made)
(1 real change made)
(1 real change made)
(1 real change made)
(1 real change made)
(1 real change made)
(1 real change made)
(1 real change made)
(1 real change made)
(1 real change made)
(1 real change made)
(1 real change made)
(1 real change made)
(1 real change made)
(1 real change made)
(1 real change made)
(1 real change made)
(1 real change made)
(1 real change made)
(1 real change made)
(1 real change made)
(1 real change made)
(1 real change made)
(1 real change made)
(1 real change made)
(1 real change made)
(1 real change made)
(1 real change made)
(1 real change made)
(1 real change made)
(1 real change made)
(1 real change made)
(1 real change made)
(1 real change made)
(1 real change made)
(1 real change made)
(1 real change made)
(1 real change made)
(1 real change made)
(1 real change made)
(1 real change made)
(1 real change made)
(1 real change made)
(1 real change made)
(1 real change made)
(1 real change made)
(1 real change made)
(1 real change made)
(1 real change made)
(1 real change made)
(1 real change made)
(1 real change made)
(1 real change made)
(1 real change made)
(1 real change made)
(1 real change made)
(1 real change made)
(1 real change made)
(1 real change made)
(1 real change made)
(1 real change made)
(1 real change made)
(1 real change made)
(1 real change made)
(1 real change made)
(1 real change made)
(1 real change made)
(1 real change made)
(1 real change made)
(1 real change made)
(1 real change made)
(1 real change made)
(1 real change made)
(1 real change made)
(1 real change made)
(1 real change made)
(1 real change made)
(1 real change made)
(1 real change made)
(1 real change made)
(1 real change made)
(1 real change made)
(1 real change made)
(1 real change made)
(1 real change made)
(1 real change made)
(1 real change made)
(1 real change made)
(1 real change made)
(1 real change made)
(1 real change made)
(1 real change made)
(1 real change made)
(1 real change made)
(1 real change made)
(1 real change made)
(1 real change made)
(1 real change made)
(1 real change made)
(1 real change made)
(1 real change made)
(1 real change made)
(1 real change made)
(1 real change made)
(1 real change made)
(1 real change made)
(1 real change made)
(1 real change made)
(1 real change made)
(1 real change made)
(1 real change made)
(1 real change made)
(1 real change made)
(1 real change made)
(1 real change made)
(1 real change made)
(1 real change made)
(1 real change made)
(1 real change made)
(1 real change made)
(1 real change made)
(1 real change made)
(1 real change made)
(1 real change made)
(1 real change made)
(1 real change made)
(1 real change made)
(1 real change made)
(1 real change made)
(1 real change made)
(1 real change made)
(1 real change made)
(1 real change made)
(1 real change made)
(1 real change made)
(1 real change made)
file /user/ab5405/summeraliaclimate/code/energy_uncertainty/data/regression/ste
> rs/FD_FGLS_global_ERA5_vcov_long.csv saved
Finished ERA5: sters and CSVs saved to /user/ab5405/summeraliaclimate/code/ener
> gy_uncertainty/data/regression/sters
===============================================
  Uninteracted FD spec for JRA_3Q
===============================================

Panel variable: region_i (unbalanced)
 Time variable: year, 1971 to 2010, but with gaps
         Delta: 1 unit
(dropped 77 singleton observations)
(MWFE estimator converged in 1 iterations)

HDFE Linear regression                            Number of obs   =      5,883
Absorbing 1 HDFE group                            F(  12,    493) =       0.99
Statistics robust to heteroskedasticity           Prob > F        =     0.4543
                                                  R-squared       =     0.3858
                                                  Adj R-squared   =     0.3108
                                                  Within R-sq.    =     0.0015
Number of clusters (region_i) =        494        Root MSE        =     1.0840

                             (Std. err. adjusted for 494 clusters in region_i)
------------------------------------------------------------------------------
             |               Robust
  FD_load_pc | Coefficient  std. err.      t    P>|t|     [95% conf. interval]
-------------+----------------------------------------------------------------
     c.indp1#|
     c.indf1#|
  c.FD_temp1 |  -.0003308   .0002236    -1.48   0.140    -.0007701    .0001085
             |
     c.indp1#|
     c.indf1#|
  c.FD_temp2 |   6.47e-06   7.88e-06     0.82   0.412    -9.02e-06     .000022
             |
     c.indp1#|
     c.indf1#|
  c.FD_temp3 |   4.07e-07   2.90e-07     1.40   0.161    -1.63e-07    9.77e-07
             |
     c.indp1#|
     c.indf1#|
  c.FD_temp4 |  -7.83e-09   8.52e-09    -0.92   0.359    -2.46e-08    8.91e-09
             |
     c.indp2#|
     c.indf1#|
  c.FD_temp1 |  -.0004677    .001067    -0.44   0.661    -.0025642    .0016288
             |
     c.indp2#|
     c.indf1#|
  c.FD_temp2 |   3.22e-06   .0000628     0.05   0.959    -.0001202    .0001266
             |
     c.indp2#|
     c.indf1#|
  c.FD_temp3 |  -3.95e-07   1.90e-06    -0.21   0.835    -4.13e-06    3.34e-06
             |
     c.indp2#|
     c.indf1#|
  c.FD_temp4 |   1.65e-08   4.03e-08     0.41   0.682    -6.26e-08    9.57e-08
             |
     c.indp1#|
     c.indf1#|
c.FD_precip1 |  -.0002085   .0010745    -0.19   0.846    -.0023197    .0019026
             |
     c.indp1#|
     c.indf1#|
c.FD_precip2 |  -7.51e-07   1.52e-06    -0.49   0.622    -3.74e-06    2.24e-06
             |
     c.indp2#|
     c.indf1#|
c.FD_precip1 |  -.0037694   .0030381    -1.24   0.215    -.0097386    .0021997
             |
     c.indp2#|
     c.indf1#|
c.FD_precip2 |   3.54e-06   4.26e-06     0.83   0.406    -4.83e-06    .0000119
             |
       _cons |   .1107558   .0177164     6.25   0.000     .0759469    .1455647
------------------------------------------------------------------------------

Absorbed degrees of freedom:
-------------------------------------------------------------------------------
> --+
                             Absorbed FE | Categories  - Redundant  = Num. Coef
> s                                                                            
>   |
-----------------------------------------+-------------------------------------
> --|
       flow_i#product_i#year#subregionid |       629           0         629   
>                                                                              
>   |
-------------------------------------------------------------------------------
> --+
file /user/ab5405/summeraliaclimate/code/energy_uncertainty/data/regression/ste
> rs/FD_global_JRA_3Q.ster saved
(2,418 observations deleted)
(50 observations deleted)
(MWFE estimator converged in 1 iterations)

HDFE Linear regression                            Number of obs   =      5,833
Absorbing 1 HDFE group                            F(  12,    443) =       2.65
Statistics robust to heteroskedasticity           Prob > F        =     0.0020
                                                  R-squared       =     0.9642
                                                  Adj R-squared   =     0.9598
                                                  Within R-sq.    =     0.0090
Number of clusters (region_i) =        444        Root MSE        =     0.0217

                             (Std. err. adjusted for 444 clusters in region_i)
------------------------------------------------------------------------------
             |               Robust
  FD_load_pc | Coefficient  std. err.      t    P>|t|     [95% conf. interval]
-------------+----------------------------------------------------------------
     c.indp1#|
     c.indf1#|
  c.FD_temp1 |  -.0000187   .0000753    -0.25   0.804    -.0001667    .0001293
             |
     c.indp1#|
     c.indf1#|
  c.FD_temp2 |   1.35e-06   3.53e-06     0.38   0.702    -5.59e-06    8.29e-06
             |
     c.indp1#|
     c.indf1#|
  c.FD_temp3 |   5.26e-08   1.58e-07     0.33   0.740    -2.59e-07    3.64e-07
             |
     c.indp1#|
     c.indf1#|
  c.FD_temp4 |  -1.92e-09   2.87e-09    -0.67   0.503    -7.56e-09    3.71e-09
             |
     c.indp2#|
     c.indf1#|
  c.FD_temp1 |  -.0004815   .0008422    -0.57   0.568    -.0021367    .0011737
             |
     c.indp2#|
     c.indf1#|
  c.FD_temp2 |  -.0000193   .0000298    -0.65   0.517    -.0000779    .0000393
             |
     c.indp2#|
     c.indf1#|
  c.FD_temp3 |   1.98e-06   1.45e-06     1.37   0.171    -8.58e-07    4.83e-06
             |
     c.indp2#|
     c.indf1#|
  c.FD_temp4 |  -3.24e-08   2.76e-08    -1.17   0.241    -8.67e-08    2.19e-08
             |
     c.indp1#|
     c.indf1#|
c.FD_precip1 |  -.0003059   .0002112    -1.45   0.148     -.000721    .0001092
             |
     c.indp1#|
     c.indf1#|
c.FD_precip2 |   1.69e-07   2.83e-07     0.60   0.551    -3.88e-07    7.26e-07
             |
     c.indp2#|
     c.indf1#|
c.FD_precip1 |  -.0012271   .0015931    -0.77   0.442    -.0043582    .0019039
             |
     c.indp2#|
     c.indf1#|
c.FD_precip2 |  -2.85e-07   1.87e-06    -0.15   0.879    -3.96e-06    3.39e-06
             |
       _cons |   .0595442   .0003915   152.09   0.000     .0587747    .0603136
------------------------------------------------------------------------------

Absorbed degrees of freedom:
-------------------------------------------------------------------------------
> --+
                             Absorbed FE | Categories  - Redundant  = Num. Coef
> s                                                                            
>   |
-----------------------------------------+-------------------------------------
> --|
       flow_i#product_i#year#subregionid |       629           0         629   
>                                                                              
>   |
-------------------------------------------------------------------------------
> --+
file /user/ab5405/summeraliaclimate/code/energy_uncertainty/data/regression/ste
> rs/FD_FGLS_global_JRA_3Q.ster saved
Number of observations (_N) was 0, now 13.
(13 missing values generated)
(13 missing values generated)
(1 real change made)
(1 real change made)
(1 real change made)
(1 real change made)
(1 real change made)
(1 real change made)
(1 real change made)
(1 real change made)
(1 real change made)
(1 real change made)
(1 real change made)
(1 real change made)
(1 real change made)
(1 real change made)
(1 real change made)
(1 real change made)
(1 real change made)
(1 real change made)
(1 real change made)
(1 real change made)
(1 real change made)
(1 real change made)
(1 real change made)
(1 real change made)
(1 real change made)
(1 real change made)
file /user/ab5405/summeraliaclimate/code/energy_uncertainty/data/regression/ste
> rs/FD_FGLS_global_JRA_3Q_coeff.csv saved
Number of observations (_N) was 0, now 169.
(169 missing values generated)
(169 missing values generated)
(169 missing values generated)
(1 real change made)
(1 real change made)
(1 real change made)
(1 real change made)
(1 real change made)
(1 real change made)
(1 real change made)
(1 real change made)
(1 real change made)
(1 real change made)
(1 real change made)
(1 real change made)
(1 real change made)
(1 real change made)
(1 real change made)
(1 real change made)
(1 real change made)
(1 real change made)
(1 real change made)
(1 real change made)
(1 real change made)
(1 real change made)
(1 real change made)
(1 real change made)
(1 real change made)
(1 real change made)
(1 real change made)
(1 real change made)
(1 real change made)
(1 real change made)
(1 real change made)
(1 real change made)
(1 real change made)
(1 real change made)
(1 real change made)
(1 real change made)
(1 real change made)
(1 real change made)
(1 real change made)
(1 real change made)
(1 real change made)
(1 real change made)
(1 real change made)
(1 real change made)
(1 real change made)
(1 real change made)
(1 real change made)
(1 real change made)
(1 real change made)
(1 real change made)
(1 real change made)
(1 real change made)
(1 real change made)
(1 real change made)
(1 real change made)
(1 real change made)
(1 real change made)
(1 real change made)
(1 real change made)
(1 real change made)
(1 real change made)
(1 real change made)
(1 real change made)
(1 real change made)
(1 real change made)
(1 real change made)
(1 real change made)
(1 real change made)
(1 real change made)
(1 real change made)
(1 real change made)
(1 real change made)
(1 real change made)
(1 real change made)
(1 real change made)
(1 real change made)
(1 real change made)
(1 real change made)
(1 real change made)
(1 real change made)
(1 real change made)
(1 real change made)
(1 real change made)
(1 real change made)
(1 real change made)
(1 real change made)
(1 real change made)
(1 real change made)
(1 real change made)
(1 real change made)
(1 real change made)
(1 real change made)
(1 real change made)
(1 real change made)
(1 real change made)
(1 real change made)
(1 real change made)
(1 real change made)
(1 real change made)
(1 real change made)
(1 real change made)
(1 real change made)
(1 real change made)
(1 real change made)
(1 real change made)
(1 real change made)
(1 real change made)
(1 real change made)
(1 real change made)
(1 real change made)
(1 real change made)
(1 real change made)
(1 real change made)
(1 real change made)
(1 real change made)
(1 real change made)
(1 real change made)
(1 real change made)
(1 real change made)
(1 real change made)
(1 real change made)
(1 real change made)
(1 real change made)
(1 real change made)
(1 real change made)
(1 real change made)
(1 real change made)
(1 real change made)
(1 real change made)
(1 real change made)
(1 real change made)
(1 real change made)
(1 real change made)
(1 real change made)
(1 real change made)
(1 real change made)
(1 real change made)
(1 real change made)
(1 real change made)
(1 real change made)
(1 real change made)
(1 real change made)
(1 real change made)
(1 real change made)
(1 real change made)
(1 real change made)
(1 real change made)
(1 real change made)
(1 real change made)
(1 real change made)
(1 real change made)
(1 real change made)
(1 real change made)
(1 real change made)
(1 real change made)
(1 real change made)
(1 real change made)
(1 real change made)
(1 real change made)
(1 real change made)
(1 real change made)
(1 real change made)
(1 real change made)
(1 real change made)
(1 real change made)
(1 real change made)
(1 real change made)
(1 real change made)
(1 real change made)
(1 real change made)
(1 real change made)
(1 real change made)
(1 real change made)
(1 real change made)
(1 real change made)
(1 real change made)
(1 real change made)
(1 real change made)
(1 real change made)
(1 real change made)
(1 real change made)
(1 real change made)
(1 real change made)
(1 real change made)
(1 real change made)
(1 real change made)
(1 real change made)
(1 real change made)
(1 real change made)
(1 real change made)
(1 real change made)
(1 real change made)
(1 real change made)
(1 real change made)
(1 real change made)
(1 real change made)
(1 real change made)
(1 real change made)
(1 real change made)
(1 real change made)
(1 real change made)
(1 real change made)
(1 real change made)
(1 real change made)
(1 real change made)
(1 real change made)
(1 real change made)
(1 real change made)
(1 real change made)
(1 real change made)
(1 real change made)
(1 real change made)
(1 real change made)
(1 real change made)
(1 real change made)
(1 real change made)
(1 real change made)
(1 real change made)
(1 real change made)
(1 real change made)
(1 real change made)
(1 real change made)
(1 real change made)
(1 real change made)
(1 real change made)
(1 real change made)
(1 real change made)
(1 real change made)
(1 real change made)
(1 real change made)
(1 real change made)
(1 real change made)
(1 real change made)
(1 real change made)
(1 real change made)
(1 real change made)
(1 real change made)
(1 real change made)
(1 real change made)
(1 real change made)
(1 real change made)
(1 real change made)
(1 real change made)
(1 real change made)
(1 real change made)
(1 real change made)
(1 real change made)
(1 real change made)
(1 real change made)
(1 real change made)
(1 real change made)
(1 real change made)
(1 real change made)
(1 real change made)
(1 real change made)
(1 real change made)
(1 real change made)
(1 real change made)
(1 real change made)
(1 real change made)
(1 real change made)
(1 real change made)
(1 real change made)
(1 real change made)
(1 real change made)
(1 real change made)
(1 real change made)
(1 real change made)
(1 real change made)
(1 real change made)
(1 real change made)
(1 real change made)
(1 real change made)
(1 real change made)
(1 real change made)
(1 real change made)
(1 real change made)
(1 real change made)
(1 real change made)
(1 real change made)
(1 real change made)
(1 real change made)
(1 real change made)
(1 real change made)
(1 real change made)
(1 real change made)
(1 real change made)
(1 real change made)
(1 real change made)
(1 real change made)
(1 real change made)
(1 real change made)
(1 real change made)
(1 real change made)
(1 real change made)
(1 real change made)
(1 real change made)
(1 real change made)
(1 real change made)
(1 real change made)
(1 real change made)
(1 real change made)
(1 real change made)
(1 real change made)
(1 real change made)
(1 real change made)
(1 real change made)
(1 real change made)
(1 real change made)
(1 real change made)
(1 real change made)
(1 real change made)
(1 real change made)
(1 real change made)
(1 real change made)
(1 real change made)
(1 real change made)
(1 real change made)
(1 real change made)
(1 real change made)
(1 real change made)
(1 real change made)
(1 real change made)
(1 real change made)
(1 real change made)
(1 real change made)
(1 real change made)
(1 real change made)
(1 real change made)
(1 real change made)
(1 real change made)
(1 real change made)
(1 real change made)
(1 real change made)
(1 real change made)
(1 real change made)
(1 real change made)
(1 real change made)
(1 real change made)
(1 real change made)
(1 real change made)
(1 real change made)
(1 real change made)
(1 real change made)
(1 real change made)
(1 real change made)
(1 real change made)
(1 real change made)
(1 real change made)
(1 real change made)
(1 real change made)
(1 real change made)
(1 real change made)
(1 real change made)
(1 real change made)
(1 real change made)
(1 real change made)
(1 real change made)
(1 real change made)
(1 real change made)
(1 real change made)
(1 real change made)
(1 real change made)
(1 real change made)
(1 real change made)
(1 real change made)
(1 real change made)
(1 real change made)
(1 real change made)
(1 real change made)
(1 real change made)
(1 real change made)
(1 real change made)
(1 real change made)
(1 real change made)
(1 real change made)
(1 real change made)
(1 real change made)
(1 real change made)
(1 real change made)
(1 real change made)
(1 real change made)
(1 real change made)
(1 real change made)
(1 real change made)
(1 real change made)
(1 real change made)
(1 real change made)
(1 real change made)
(1 real change made)
(1 real change made)
(1 real change made)
(1 real change made)
(1 real change made)
(1 real change made)
(1 real change made)
(1 real change made)
(1 real change made)
(1 real change made)
(1 real change made)
(1 real change made)
(1 real change made)
(1 real change made)
(1 real change made)
(1 real change made)
(1 real change made)
(1 real change made)
(1 real change made)
(1 real change made)
(1 real change made)
(1 real change made)
(1 real change made)
(1 real change made)
(1 real change made)
(1 real change made)
(1 real change made)
(1 real change made)
(1 real change made)
(1 real change made)
(1 real change made)
(1 real change made)
(1 real change made)
(1 real change made)
(1 real change made)
(1 real change made)
(1 real change made)
(1 real change made)
(1 real change made)
(1 real change made)
(1 real change made)
(1 real change made)
(1 real change made)
(1 real change made)
(1 real change made)
(1 real change made)
(1 real change made)
(1 real change made)
(1 real change made)
(1 real change made)
(1 real change made)
(1 real change made)
(1 real change made)
(1 real change made)
(1 real change made)
(1 real change made)
(1 real change made)
(1 real change made)
(1 real change made)
(1 real change made)
(1 real change made)
(1 real change made)
(1 real change made)
(1 real change made)
(1 real change made)
(1 real change made)
(1 real change made)
(1 real change made)
(1 real change made)
(1 real change made)
(1 real change made)
(1 real change made)
(1 real change made)
(1 real change made)
(1 real change made)
(1 real change made)
(1 real change made)
(1 real change made)
(1 real change made)
(1 real change made)
(1 real change made)
(1 real change made)
(1 real change made)
(1 real change made)
(1 real change made)
(1 real change made)
(1 real change made)
(1 real change made)
(1 real change made)
(1 real change made)
(1 real change made)
(1 real change made)
(1 real change made)
(1 real change made)
(1 real change made)
(1 real change made)
(1 real change made)
(1 real change made)
(1 real change made)
(1 real change made)
(1 real change made)
(1 real change made)
(1 real change made)
(1 real change made)
(1 real change made)
(1 real change made)
(1 real change made)
(1 real change made)
(1 real change made)
(1 real change made)
(1 real change made)
(1 real change made)
(1 real change made)
(1 real change made)
(1 real change made)
(1 real change made)
(1 real change made)
(1 real change made)
file /user/ab5405/summeraliaclimate/code/energy_uncertainty/data/regression/ste
> rs/FD_FGLS_global_JRA_3Q_vcov_long.csv saved
Finished JRA_3Q: sters and CSVs saved to /user/ab5405/summeraliaclimate/code/en
> ergy_uncertainty/data/regression/sters
===============================================
  Uninteracted FD spec for MERRA2
===============================================

Panel variable: region_i (unbalanced)
 Time variable: year, 1971 to 2010, but with gaps
         Delta: 1 unit
(dropped 80 singleton observations)
(MWFE estimator converged in 1 iterations)

HDFE Linear regression                            Number of obs   =      6,051
Absorbing 1 HDFE group                            F(  12,    495) =       1.20
Statistics robust to heteroskedasticity           Prob > F        =     0.2829
                                                  R-squared       =     0.3892
                                                  Adj R-squared   =     0.3143
                                                  Within R-sq.    =     0.0016
Number of clusters (region_i) =        496        Root MSE        =     1.0677

                             (Std. err. adjusted for 496 clusters in region_i)
------------------------------------------------------------------------------
             |               Robust
  FD_load_pc | Coefficient  std. err.      t    P>|t|     [95% conf. interval]
-------------+----------------------------------------------------------------
     c.indp1#|
     c.indf1#|
  c.FD_temp1 |  -.0003839   .0002097    -1.83   0.068    -.0007959    .0000282
             |
     c.indp1#|
     c.indf1#|
  c.FD_temp2 |   6.87e-06   6.93e-06     0.99   0.322    -6.75e-06    .0000205
             |
     c.indp1#|
     c.indf1#|
  c.FD_temp3 |   3.82e-07   2.64e-07     1.45   0.148    -1.36e-07    9.00e-07
             |
     c.indp1#|
     c.indf1#|
  c.FD_temp4 |  -7.88e-09   7.39e-09    -1.07   0.287    -2.24e-08    6.64e-09
             |
     c.indp2#|
     c.indf1#|
  c.FD_temp1 |   -.001061   .0009114    -1.16   0.245    -.0028517    .0007296
             |
     c.indp2#|
     c.indf1#|
  c.FD_temp2 |   8.06e-07   .0000492     0.02   0.987    -.0000958    .0000975
             |
     c.indp2#|
     c.indf1#|
  c.FD_temp3 |   8.78e-07   1.72e-06     0.51   0.610    -2.50e-06    4.26e-06
             |
     c.indp2#|
     c.indf1#|
  c.FD_temp4 |  -9.30e-09   3.24e-08    -0.29   0.774    -7.30e-08    5.44e-08
             |
     c.indp1#|
     c.indf1#|
c.FD_precip1 |  -.0004475   .0006164    -0.73   0.468    -.0016587    .0007636
             |
     c.indp1#|
     c.indf1#|
c.FD_precip2 |   1.90e-07   3.69e-07     0.51   0.607    -5.35e-07    9.15e-07
             |
     c.indp2#|
     c.indf1#|
c.FD_precip1 |  -.0015193   .0017429    -0.87   0.384    -.0049437     .001905
             |
     c.indp2#|
     c.indf1#|
c.FD_precip2 |   7.64e-07   1.11e-06     0.69   0.492    -1.42e-06    2.94e-06
             |
       _cons |   .1048871   .0169367     6.19   0.000     .0716104    .1381638
------------------------------------------------------------------------------

Absorbed degrees of freedom:
-------------------------------------------------------------------------------
> --+
                             Absorbed FE | Categories  - Redundant  = Num. Coef
> s                                                                            
>   |
-----------------------------------------+-------------------------------------
> --|
       flow_i#product_i#year#subregionid |       650           0         650   
>                                                                              
>   |
-------------------------------------------------------------------------------
> --+
file /user/ab5405/summeraliaclimate/code/energy_uncertainty/data/regression/ste
> rs/FD_global_MERRA2.ster saved
(2,250 observations deleted)
(52 observations deleted)
(MWFE estimator converged in 1 iterations)

HDFE Linear regression                            Number of obs   =      5,999
Absorbing 1 HDFE group                            F(  12,    443) =       1.36
Statistics robust to heteroskedasticity           Prob > F        =     0.1795
                                                  R-squared       =     0.9638
                                                  Adj R-squared   =     0.9593
                                                  Within R-sq.    =     0.0085
Number of clusters (region_i) =        444        Root MSE        =     0.0194

                             (Std. err. adjusted for 444 clusters in region_i)
------------------------------------------------------------------------------
             |               Robust
  FD_load_pc | Coefficient  std. err.      t    P>|t|     [95% conf. interval]
-------------+----------------------------------------------------------------
     c.indp1#|
     c.indf1#|
  c.FD_temp1 |  -.0000245   .0000679    -0.36   0.718    -.0001579    .0001089
             |
     c.indp1#|
     c.indf1#|
  c.FD_temp2 |  -8.01e-07   3.12e-06    -0.26   0.798    -6.93e-06    5.33e-06
             |
     c.indp1#|
     c.indf1#|
  c.FD_temp3 |   8.30e-08   1.44e-07     0.58   0.565    -2.00e-07    3.66e-07
             |
     c.indp1#|
     c.indf1#|
  c.FD_temp4 |  -1.34e-09   2.26e-09    -0.59   0.554    -5.77e-09    3.10e-09
             |
     c.indp2#|
     c.indf1#|
  c.FD_temp1 |  -.0006963   .0009065    -0.77   0.443     -.002478    .0010853
             |
     c.indp2#|
     c.indf1#|
  c.FD_temp2 |   1.64e-06   .0000327     0.05   0.960    -.0000626    .0000659
             |
     c.indp2#|
     c.indf1#|
  c.FD_temp3 |   1.12e-06   1.17e-06     0.96   0.339    -1.18e-06    3.42e-06
             |
     c.indp2#|
     c.indf1#|
  c.FD_temp4 |  -2.11e-08   2.00e-08    -1.05   0.293    -6.05e-08    1.83e-08
             |
     c.indp1#|
     c.indf1#|
c.FD_precip1 |  -.0001937   .0001171    -1.65   0.099    -.0004239    .0000364
             |
     c.indp1#|
     c.indf1#|
c.FD_precip2 |   4.88e-08   7.92e-08     0.62   0.538    -1.07e-07    2.05e-07
             |
     c.indp2#|
     c.indf1#|
c.FD_precip1 |  -.0002056   .0008095    -0.25   0.800    -.0017966    .0013854
             |
     c.indp2#|
     c.indf1#|
c.FD_precip2 |  -5.38e-07   6.48e-07    -0.83   0.407    -1.81e-06    7.36e-07
             |
       _cons |   .0573202   .0002306   248.56   0.000      .056867    .0577734
------------------------------------------------------------------------------

Absorbed degrees of freedom:
-------------------------------------------------------------------------------
> --+
                             Absorbed FE | Categories  - Redundant  = Num. Coef
> s                                                                            
>   |
-----------------------------------------+-------------------------------------
> --|
       flow_i#product_i#year#subregionid |       650           0         650   
>                                                                              
>   |
-------------------------------------------------------------------------------
> --+
file /user/ab5405/summeraliaclimate/code/energy_uncertainty/data/regression/ste
> rs/FD_FGLS_global_MERRA2.ster saved
Number of observations (_N) was 0, now 13.
(13 missing values generated)
(13 missing values generated)
(1 real change made)
(1 real change made)
(1 real change made)
(1 real change made)
(1 real change made)
(1 real change made)
(1 real change made)
(1 real change made)
(1 real change made)
(1 real change made)
(1 real change made)
(1 real change made)
(1 real change made)
(1 real change made)
(1 real change made)
(1 real change made)
(1 real change made)
(1 real change made)
(1 real change made)
(1 real change made)
(1 real change made)
(1 real change made)
(1 real change made)
(1 real change made)
(1 real change made)
(1 real change made)
file /user/ab5405/summeraliaclimate/code/energy_uncertainty/data/regression/ste
> rs/FD_FGLS_global_MERRA2_coeff.csv saved
Number of observations (_N) was 0, now 169.
(169 missing values generated)
(169 missing values generated)
(169 missing values generated)
(1 real change made)
(1 real change made)
(1 real change made)
(1 real change made)
(1 real change made)
(1 real change made)
(1 real change made)
(1 real change made)
(1 real change made)
(1 real change made)
(1 real change made)
(1 real change made)
(1 real change made)
(1 real change made)
(1 real change made)
(1 real change made)
(1 real change made)
(1 real change made)
(1 real change made)
(1 real change made)
(1 real change made)
(1 real change made)
(1 real change made)
(1 real change made)
(1 real change made)
(1 real change made)
(1 real change made)
(1 real change made)
(1 real change made)
(1 real change made)
(1 real change made)
(1 real change made)
(1 real change made)
(1 real change made)
(1 real change made)
(1 real change made)
(1 real change made)
(1 real change made)
(1 real change made)
(1 real change made)
(1 real change made)
(1 real change made)
(1 real change made)
(1 real change made)
(1 real change made)
(1 real change made)
(1 real change made)
(1 real change made)
(1 real change made)
(1 real change made)
(1 real change made)
(1 real change made)
(1 real change made)
(1 real change made)
(1 real change made)
(1 real change made)
(1 real change made)
(1 real change made)
(1 real change made)
(1 real change made)
(1 real change made)
(1 real change made)
(1 real change made)
(1 real change made)
(1 real change made)
(1 real change made)
(1 real change made)
(1 real change made)
(1 real change made)
(1 real change made)
(1 real change made)
(1 real change made)
(1 real change made)
(1 real change made)
(1 real change made)
(1 real change made)
(1 real change made)
(1 real change made)
(1 real change made)
(1 real change made)
(1 real change made)
(1 real change made)
(1 real change made)
(1 real change made)
(1 real change made)
(1 real change made)
(1 real change made)
(1 real change made)
(1 real change made)
(1 real change made)
(1 real change made)
(1 real change made)
(1 real change made)
(1 real change made)
(1 real change made)
(1 real change made)
(1 real change made)
(1 real change made)
(1 real change made)
(1 real change made)
(1 real change made)
(1 real change made)
(1 real change made)
(1 real change made)
(1 real change made)
(1 real change made)
(1 real change made)
(1 real change made)
(1 real change made)
(1 real change made)
(1 real change made)
(1 real change made)
(1 real change made)
(1 real change made)
(1 real change made)
(1 real change made)
(1 real change made)
(1 real change made)
(1 real change made)
(1 real change made)
(1 real change made)
(1 real change made)
(1 real change made)
(1 real change made)
(1 real change made)
(1 real change made)
(1 real change made)
(1 real change made)
(1 real change made)
(1 real change made)
(1 real change made)
(1 real change made)
(1 real change made)
(1 real change made)
(1 real change made)
(1 real change made)
(1 real change made)
(1 real change made)
(1 real change made)
(1 real change made)
(1 real change made)
(1 real change made)
(1 real change made)
(1 real change made)
(1 real change made)
(1 real change made)
(1 real change made)
(1 real change made)
(1 real change made)
(1 real change made)
(1 real change made)
(1 real change made)
(1 real change made)
(1 real change made)
(1 real change made)
(1 real change made)
(1 real change made)
(1 real change made)
(1 real change made)
(1 real change made)
(1 real change made)
(1 real change made)
(1 real change made)
(1 real change made)
(1 real change made)
(1 real change made)
(1 real change made)
(1 real change made)
(1 real change made)
(1 real change made)
(1 real change made)
(1 real change made)
(1 real change made)
(1 real change made)
(1 real change made)
(1 real change made)
(1 real change made)
(1 real change made)
(1 real change made)
(1 real change made)
(1 real change made)
(1 real change made)
(1 real change made)
(1 real change made)
(1 real change made)
(1 real change made)
(1 real change made)
(1 real change made)
(1 real change made)
(1 real change made)
(1 real change made)
(1 real change made)
(1 real change made)
(1 real change made)
(1 real change made)
(1 real change made)
(1 real change made)
(1 real change made)
(1 real change made)
(1 real change made)
(1 real change made)
(1 real change made)
(1 real change made)
(1 real change made)
(1 real change made)
(1 real change made)
(1 real change made)
(1 real change made)
(1 real change made)
(1 real change made)
(1 real change made)
(1 real change made)
(1 real change made)
(1 real change made)
(1 real change made)
(1 real change made)
(1 real change made)
(1 real change made)
(1 real change made)
(1 real change made)
(1 real change made)
(1 real change made)
(1 real change made)
(1 real change made)
(1 real change made)
(1 real change made)
(1 real change made)
(1 real change made)
(1 real change made)
(1 real change made)
(1 real change made)
(1 real change made)
(1 real change made)
(1 real change made)
(1 real change made)
(1 real change made)
(1 real change made)
(1 real change made)
(1 real change made)
(1 real change made)
(1 real change made)
(1 real change made)
(1 real change made)
(1 real change made)
(1 real change made)
(1 real change made)
(1 real change made)
(1 real change made)
(1 real change made)
(1 real change made)
(1 real change made)
(1 real change made)
(1 real change made)
(1 real change made)
(1 real change made)
(1 real change made)
(1 real change made)
(1 real change made)
(1 real change made)
(1 real change made)
(1 real change made)
(1 real change made)
(1 real change made)
(1 real change made)
(1 real change made)
(1 real change made)
(1 real change made)
(1 real change made)
(1 real change made)
(1 real change made)
(1 real change made)
(1 real change made)
(1 real change made)
(1 real change made)
(1 real change made)
(1 real change made)
(1 real change made)
(1 real change made)
(1 real change made)
(1 real change made)
(1 real change made)
(1 real change made)
(1 real change made)
(1 real change made)
(1 real change made)
(1 real change made)
(1 real change made)
(1 real change made)
(1 real change made)
(1 real change made)
(1 real change made)
(1 real change made)
(1 real change made)
(1 real change made)
(1 real change made)
(1 real change made)
(1 real change made)
(1 real change made)
(1 real change made)
(1 real change made)
(1 real change made)
(1 real change made)
(1 real change made)
(1 real change made)
(1 real change made)
(1 real change made)
(1 real change made)
(1 real change made)
(1 real change made)
(1 real change made)
(1 real change made)
(1 real change made)
(1 real change made)
(1 real change made)
(1 real change made)
(1 real change made)
(1 real change made)
(1 real change made)
(1 real change made)
(1 real change made)
(1 real change made)
(1 real change made)
(1 real change made)
(1 real change made)
(1 real change made)
(1 real change made)
(1 real change made)
(1 real change made)
(1 real change made)
(1 real change made)
(1 real change made)
(1 real change made)
(1 real change made)
(1 real change made)
(1 real change made)
(1 real change made)
(1 real change made)
(1 real change made)
(1 real change made)
(1 real change made)
(1 real change made)
(1 real change made)
(1 real change made)
(1 real change made)
(1 real change made)
(1 real change made)
(1 real change made)
(1 real change made)
(1 real change made)
(1 real change made)
(1 real change made)
(1 real change made)
(1 real change made)
(1 real change made)
(1 real change made)
(1 real change made)
(1 real change made)
(1 real change made)
(1 real change made)
(1 real change made)
(1 real change made)
(1 real change made)
(1 real change made)
(1 real change made)
(1 real change made)
(1 real change made)
(1 real change made)
(1 real change made)
(1 real change made)
(1 real change made)
(1 real change made)
(1 real change made)
(1 real change made)
(1 real change made)
(1 real change made)
(1 real change made)
(1 real change made)
(1 real change made)
(1 real change made)
(1 real change made)
(1 real change made)
(1 real change made)
(1 real change made)
(1 real change made)
(1 real change made)
(1 real change made)
(1 real change made)
(1 real change made)
(1 real change made)
(1 real change made)
(1 real change made)
(1 real change made)
(1 real change made)
(1 real change made)
(1 real change made)
(1 real change made)
(1 real change made)
(1 real change made)
(1 real change made)
(1 real change made)
(1 real change made)
(1 real change made)
(1 real change made)
(1 real change made)
(1 real change made)
(1 real change made)
(1 real change made)
(1 real change made)
(1 real change made)
(1 real change made)
(1 real change made)
(1 real change made)
(1 real change made)
(1 real change made)
(1 real change made)
(1 real change made)
(1 real change made)
(1 real change made)
(1 real change made)
(1 real change made)
(1 real change made)
(1 real change made)
(1 real change made)
(1 real change made)
(1 real change made)
(1 real change made)
(1 real change made)
(1 real change made)
(1 real change made)
(1 real change made)
(1 real change made)
(1 real change made)
(1 real change made)
(1 real change made)
(1 real change made)
(1 real change made)
(1 real change made)
(1 real change made)
(1 real change made)
(1 real change made)
(1 real change made)
(1 real change made)
(1 real change made)
(1 real change made)
(1 real change made)
(1 real change made)
(1 real change made)
(1 real change made)
(1 real change made)
(1 real change made)
(1 real change made)
(1 real change made)
(1 real change made)
(1 real change made)
(1 real change made)
(1 real change made)
(1 real change made)
(1 real change made)
(1 real change made)
(1 real change made)
(1 real change made)
(1 real change made)
(1 real change made)
(1 real change made)
(1 real change made)
(1 real change made)
(1 real change made)
(1 real change made)
(1 real change made)
(1 real change made)
(1 real change made)
(1 real change made)
(1 real change made)
(1 real change made)
(1 real change made)
(1 real change made)
(1 real change made)
(1 real change made)
(1 real change made)
(1 real change made)
(1 real change made)
(1 real change made)
(1 real change made)
(1 real change made)
(1 real change made)
(1 real change made)
(1 real change made)
(1 real change made)
(1 real change made)
(1 real change made)
(1 real change made)
(1 real change made)
(1 real change made)
(1 real change made)
(1 real change made)
(1 real change made)
(1 real change made)
(1 real change made)
(1 real change made)
(1 real change made)
(1 real change made)
(1 real change made)
(1 real change made)
(1 real change made)
(1 real change made)
(1 real change made)
(1 real change made)
file /user/ab5405/summeraliaclimate/code/energy_uncertainty/data/regression/ste
> rs/FD_FGLS_global_MERRA2_vcov_long.csv saved
Finished MERRA2: sters and CSVs saved to /user/ab5405/summeraliaclimate/code/en
> ergy_uncertainty/data/regression/sters

. 
. di "All products processed."
All products processed.

. 
. ************************************************************
. * End 2_FD_uninteracted_all.do
. ************************************************************
. 
end of do-file
