
  ___  ____  ____  ____  ____ ®
 /__    /   ____/   /   ____/      18.0
___/   /   /___/   /   /___/       MP—Parallel Edition

 Statistics and Data Science       Copyright 1985-2023 StataCorp LLC
                                   StataCorp
                                   4905 Lakeway Drive
                                   College Station, Texas 77845 USA
                                   800-STATA-PC        https://www.stata.com
                                   979-696-4600        stata@stata.com

Stata license: 10-user 8-core network perpetual
Serial number: 501806318811
  Licensed to: Columbia Business School
               Columbia University, New York

Notes:
      1. Stata is running in batch mode.
      2. Unicode is supported; see help unicode_advice.
      3. More than 2 billion observations are allowed; see help obs_advice.
      4. Maximum number of variables is set to 5,000 but can be increased;
          see help set_maxvar.

. do plotfinal.do 

. /*
> Purpose: 3x3 arrays energy-temperature response
> FIXED to handle omitted co.* coefficients
> */
. 
. set scheme s1color

. clear all

. set more off

. 
. global PROJECT "/user/ab5405/summeraliaclimate/code/energy_uncertainty"

. global EDR "/user/ab5405/summeraliaclimate/code/energy_consumption/energy_dat
> a_release_2021oct21/DATA/regression"

. 
. global DATA    "$PROJECT/data"

. global OUTPUT  "$PROJECT"

. global STERD   "$DATA/regression/sters"

. 
. local model_main "TINV_clim"

. local submodel   "quadinter"

. local model_name "`model_main'_`submodel'"

. 
. local fuels "electricity other_energy"

. local products "GMFD ERA5 JRA_3Q MERRA2"

. 
. local year 2099

. 
. local col_electricity "dknavy"

. local col_other_energy "dkorange"

. 
. foreach product of local products {
  2.     foreach var of local fuels {
  3. 
.         di ""
  4.         di "================================================"
  5.         di "Plotting product=`product' fuel=`var' model=`model_name'"
  6.         di "================================================"
  7. 
.         * Create temperature grid
.         clear
  8.         set obs 41
  9.         
.         gen double temp1 = _n - 6
 10.         gen double temp2 = temp1^2
 11.         gen byte above20 = (temp1 >= 20)
 12.         gen byte below20 = (temp1 < 20)
 13. 
.         * Get income knot
.         preserve
 14.             use "$EDR/break_data_TINV_clim.dta", clear
 15.             qui summ maxInc_largegpid_`var' if largegpid_`var' == 1
 16.             local ibar = `r(max)'
 17.         restore
 18. 
.         di "  ibar = `ibar'"
 19. 
.         local col_main "`col_`var''"
 20. 
.         * Create 3x3 plots
.         local graphicM ""
 21. 
.         forval lg=3(-1)1 {
 22.             forval tr=3(-1)1 {
 23. 
.                 local cellid = `lg' + `tr'*100
 24. 
.                 * Get tercile covariates
.                 preserve
 25.                     use "$EDR/break_data_TINV_clim.dta", clear
 26.                     duplicates drop tpid tgpid, force
 27.                     sort tpid tgpid
 28.                     local tr_index = `tr' * 3
 29.                     local subCDD = avgCDD_tpid[`tr_index']
 30.                     local subHDD = avgHDD_tpid[`tr_index']
 31.                     local subInc = avgInc_tgpid[`lg']
 32.                 restore
 33. 
.                 di "  Cell (lg=`lg', tr=`tr'): Inc=`subInc', CDD=`subCDD', HD
> D=`subHDD'"
 34. 
.                 * pg assignment - MATCH YOUR DATA
.                 if "`var'"=="electricity" local pg=1
 35.                 else local pg=2
 36. 
.                 * Income group
.                 local deltacut = `subInc' - `ibar'
 37.                 if (`subInc' > `ibar') local ig=2
 38.                 else local ig=1
 39. 
.                 * Load estimates FIRST (so we can check for omitted terms)
.                 estimates use "$STERD/FD_FGLS_inter_`model_name'_`product'.st
> er"
 40. 
.                 * Build predictnl expression - AVOID omitted co.* terms
.                 local line ""
 41.                 local add ""
 42.                 
.                 foreach k of num 1/2 {
 43.                     * Base temperature effects
.                     local line = "`line' `add' _b[c.indp`pg'#c.indf1#c.FD_tem
> p`k'] * (temp`k' - 20^`k')"
 44.                     
.                     * Climate heterogeneity
.                     local line = "`line' + above20*_b[c.indp`pg'#c.indf1#c.FD
> _cdd20_TINVtemp`k']*`subCDD' * (temp`k' - 20^`k')"
 45.                     local line = "`line' + below20*_b[c.indp`pg'#c.indf1#c
> .FD_hdd20_TINVtemp`k']*`subHDD' * (20^`k' - temp`k')"
 46.                     
.                     * Income spline
.                     local line = "`line' + _b[c.indp`pg'#c.indf1#c.FD_dc1_lgd
> ppc_MA15I`ig'temp`k']*`deltacut'*(temp`k' - 20^`k')"
 47. 
.                     * Year × temp (check if omitted first)
.                     cap _coef_table
 48.                     matrix b = e(b)
 49.                     local bnames : colnames b
 50.                     
.                     * Check if year terms exist and are NOT omitted
.                     local has_year`k' = 0
 51.                     foreach nm of local bnames {
 52.                         if "`nm'" == "c.indp`pg'#c.indf1#c.FD_yeartemp`k'"
>  {
 53.                             local has_year`k' = 1
 54.                         }
 55.                     }
 56.                     
.                     if `has_year`k'' {
 57.                         local line = "`line' + _b[c.indp`pg'#c.indf1#c.FD_
> yeartemp`k'] * (temp`k' - 20^`k')*`year'"
 58.                     }
 59.                     
.                     * Year × income × temp
.                     local has_dcyear`k' = 0
 60.                     foreach nm of local bnames {
 61.                         if "`nm'" == "c.indp`pg'#c.indf1#c.FD_dc1_lgdppc_M
> A15yearI`ig'temp`k'" {
 62.                             local has_dcyear`k' = 1
 63.                         }
 64.                     }
 65.                     
.                     if `has_dcyear`k'' {
 66.                         local line = "`line' + _b[c.indp`pg'#c.indf1#c.FD_
> dc1_lgdppc_MA15yearI`ig'temp`k']*`deltacut'*`year'*(temp`k' - 20^`k')"
 67.                     }
 68. 
.                     * Year² × temp
.                     local has_year2`k' = 0
 69.                     foreach nm of local bnames {
 70.                         if "`nm'" == "c.indp`pg'#c.indf1#c.FD_year2temp`k'
> " {
 71.                             local has_year2`k' = 1
 72.                         }
 73.                     }
 74.                     
.                     if `has_year2`k'' {
 75.                         local line = "`line' + _b[c.indp`pg'#c.indf1#c.FD_
> year2temp`k'] * (temp`k' - 20^`k')*`year'*`year'"
 76.                     }
 77.                     
.                     * Year² × income × temp
.                     local has_dc2year`k' = 0
 78.                     foreach nm of local bnames {
 79.                         if "`nm'" == "c.indp`pg'#c.indf1#c.FD_dc1_lgdppc_M
> A15year2I`ig'temp`k'" {
 80.                             local has_dc2year`k' = 1
 81.                         }
 82.                     }
 83.                     
.                     if `has_dc2year`k'' {
 84.                         local line = "`line' + _b[c.indp`pg'#c.indf1#c.FD_
> dc1_lgdppc_MA15year2I`ig'temp`k']*`deltacut'*`year'*`year'*(temp`k' - 20^`k')
> "
 85.                     }
 86. 
.                     local add " + "
 87.                 }
 88. 
.                 * Generate predictions
.                 cap predictnl yhat`cellid' = `line', se(se`cellid') ci(lo`cel
> lid' hi`cellid')
 89.                 
.                 if _rc {
 90.                     di as error "  ERROR: predictnl failed for cell `celli
> d'"
 91.                     di as error "  Expression: `line'"
 92.                     continue, break
 93.                 }
 94. 
.                 * Create subplot
.                 tw ///
>                     rarea hi`cellid' lo`cellid' temp1, col(`col_main'%30) || 
> ///
>                     line yhat`cellid' temp1, lc(`col_main') lw(medthick) || /
> //
>                     , yline(0, lwidth(vthin) lc(black) lp(dash)) ///
>                     xline(20, lwidth(vthin) lc(gray) lp(dot)) ///
>                     xlabel(-5(10)35, labsize(vsmall)) ///
>                     ylabel(, labsize(vsmall) nogrid format(%5.2f)) ///
>                     legend(off) ///
>                     xtitle("") ytitle("") ///
>                     plotregion(color(white)) graphregion(color(white)) ///
>                     nodraw name(Maddgraph`cellid', replace)
 95. 
.                 local graphicM "`graphicM' Maddgraph`cellid'"
 96.             }
 97.         }
 98. 
.         * Combine and save
.         graph combine `graphicM', imargin(zero) ycommon rows(3) ///
>             title("`product': `var' energy-temperature response", size(medsma
> ll)) ///
>             subtitle("Model: `model_name' | Year: `year'", size(vsmall)) ///
>             note("Rows: High→Mid→Low income | Columns: Hot→Mid→Cold climate",
>  size(vsmall)) ///
>             plotregion(color(white)) graphregion(color(white)) ///
>             name(comb_`product'_`var', replace)
 99. 
.         cap mkdir "$OUTPUT/figures"
100.         local figname "$OUTPUT/figures/fig_3x3_`var'_`model_name'_`product
> '.pdf"
101.         graph export "`figname'", replace
102.         
.         di "  SUCCESS: Saved `figname'"
103.         
.         graph drop _all
104.     }
105. }

================================================
Plotting product=GMFD fuel=electricity model=TINV_clim_quadinter
================================================
Number of observations (_N) was 0, now 41.
  ibar = 9.087010383605957

Duplicates in terms of tpid tgpid

(4,669 observations deleted)
  Cell (lg=3, tr=3): Inc=9.997271537780762, CDD=223.8359832763672, HDD=3925.803
> 955078125
  ERROR: predictnl failed for cell 303
  Expression:   _b[c.indp1#c.indf1#c.FD_temp1] * (temp1 - 20^1) + above20*_b[c.
> indp1#c.indf1#c.FD_cdd20_TINVtemp1]*223.8359832763672 * (temp1 - 20^1) + belo
> w20*_b[c.indp1#c.indf1#c.FD_hdd20_TINVtemp1]*3925.803955078125 * (20^1 - temp
> 1) + _b[c.indp1#c.indf1#c.FD_dc1_lgdppc_MA15I2temp1]*.9102611541748047*(temp1
>  - 20^1) + _b[c.indp1#c.indf1#c.FD_dc1_lgdppc_MA15yearI2temp1]*.9102611541748
> 047*2099*(temp1 - 20^1) + _b[c.indp1#c.indf1#c.FD_year2temp1] * (temp1 - 20^1
> )*2099*2099 + _b[c.indp1#c.indf1#c.FD_dc1_lgdppc_MA15year2I2temp1]*.910261154
> 1748047*2099*2099*(temp1 - 20^1)  +  _b[c.indp1#c.indf1#c.FD_temp2] * (temp2 
> - 20^2) + above20*_b[c.indp1#c.indf1#c.FD_cdd20_TINVtemp2]*223.8359832763672 
> * (temp2 - 20^2) + below20*_b[c.indp1#c.indf1#c.FD_hdd20_TINVtemp2]*3925.8039
> 55078125 * (20^2 - temp2) + _b[c.indp1#c.indf1#c.FD_dc1_lgdppc_MA15I2temp2]*.
> 9102611541748047*(temp2 - 20^2) + _b[c.indp1#c.indf1#c.FD_year2temp2] * (temp
> 2 - 20^2)*2099*2099 + _b[c.indp1#c.indf1#c.FD_dc1_lgdppc_MA15year2I2temp2]*.9
> 102611541748047*2099*2099*(temp2 - 20^2)

Duplicates in terms of tpid tgpid

(4,669 observations deleted)
  Cell (lg=2, tr=3): Inc=8.770168304443359, CDD=223.8359832763672, HDD=3925.803
> 955078125
  ERROR: predictnl failed for cell 302
  Expression:   _b[c.indp1#c.indf1#c.FD_temp1] * (temp1 - 20^1) + above20*_b[c.
> indp1#c.indf1#c.FD_cdd20_TINVtemp1]*223.8359832763672 * (temp1 - 20^1) + belo
> w20*_b[c.indp1#c.indf1#c.FD_hdd20_TINVtemp1]*3925.803955078125 * (20^1 - temp
> 1) + _b[c.indp1#c.indf1#c.FD_dc1_lgdppc_MA15I1temp1]*-.3168420791625977*(temp
> 1 - 20^1) + _b[c.indp1#c.indf1#c.FD_dc1_lgdppc_MA15yearI1temp1]*-.31684207916
> 25977*2099*(temp1 - 20^1) + _b[c.indp1#c.indf1#c.FD_year2temp1] * (temp1 - 20
> ^1)*2099*2099 + _b[c.indp1#c.indf1#c.FD_dc1_lgdppc_MA15year2I1temp1]*-.316842
> 0791625977*2099*2099*(temp1 - 20^1)  +  _b[c.indp1#c.indf1#c.FD_temp2] * (tem
> p2 - 20^2) + above20*_b[c.indp1#c.indf1#c.FD_cdd20_TINVtemp2]*223.83598327636
> 72 * (temp2 - 20^2) + below20*_b[c.indp1#c.indf1#c.FD_hdd20_TINVtemp2]*3925.8
> 03955078125 * (20^2 - temp2) + _b[c.indp1#c.indf1#c.FD_dc1_lgdppc_MA15I1temp2
> ]*-.3168420791625977*(temp2 - 20^2) + _b[c.indp1#c.indf1#c.FD_year2temp2] * (
> temp2 - 20^2)*2099*2099 + _b[c.indp1#c.indf1#c.FD_dc1_lgdppc_MA15year2I1temp2
> ]*-.3168420791625977*2099*2099*(temp2 - 20^2)

Duplicates in terms of tpid tgpid

(4,669 observations deleted)
  Cell (lg=1, tr=3): Inc=7.497846126556396, CDD=223.8359832763672, HDD=3925.803
> 955078125
  ERROR: predictnl failed for cell 301
  Expression:   _b[c.indp1#c.indf1#c.FD_temp1] * (temp1 - 20^1) + above20*_b[c.
> indp1#c.indf1#c.FD_cdd20_TINVtemp1]*223.8359832763672 * (temp1 - 20^1) + belo
> w20*_b[c.indp1#c.indf1#c.FD_hdd20_TINVtemp1]*3925.803955078125 * (20^1 - temp
> 1) + _b[c.indp1#c.indf1#c.FD_dc1_lgdppc_MA15I1temp1]*-1.589164257049561*(temp
> 1 - 20^1) + _b[c.indp1#c.indf1#c.FD_dc1_lgdppc_MA15yearI1temp1]*-1.5891642570
> 49561*2099*(temp1 - 20^1) + _b[c.indp1#c.indf1#c.FD_year2temp1] * (temp1 - 20
> ^1)*2099*2099 + _b[c.indp1#c.indf1#c.FD_dc1_lgdppc_MA15year2I1temp1]*-1.58916
> 4257049561*2099*2099*(temp1 - 20^1)  +  _b[c.indp1#c.indf1#c.FD_temp2] * (tem
> p2 - 20^2) + above20*_b[c.indp1#c.indf1#c.FD_cdd20_TINVtemp2]*223.83598327636
> 72 * (temp2 - 20^2) + below20*_b[c.indp1#c.indf1#c.FD_hdd20_TINVtemp2]*3925.8
> 03955078125 * (20^2 - temp2) + _b[c.indp1#c.indf1#c.FD_dc1_lgdppc_MA15I1temp2
> ]*-1.589164257049561*(temp2 - 20^2) + _b[c.indp1#c.indf1#c.FD_year2temp2] * (
> temp2 - 20^2)*2099*2099 + _b[c.indp1#c.indf1#c.FD_dc1_lgdppc_MA15year2I1temp2
> ]*-1.589164257049561*2099*2099*(temp2 - 20^2)
unrecognized command
r(199);

end of do-file
r(199);
