
  ___  ____  ____  ____  ____ ®
 /__    /   ____/   /   ____/      18.0
___/   /   /___/   /   /___/       MP—Parallel Edition

 Statistics and Data Science       Copyright 1985-2023 StataCorp LLC
                                   StataCorp
                                   4905 Lakeway Drive
                                   College Station, Texas 77845 USA
                                   800-STATA-PC        https://www.stata.com
                                   979-696-4600        stata@stata.com

Stata license: 10-user 8-core network perpetual
Serial number: 501806318811
  Licensed to: Columbia Business School
               Columbia University, New York

Notes:
      1. Stata is running in batch mode.
      2. Unicode is supported; see help unicode_advice.
      3. More than 2 billion observations are allowed; see help obs_advice.
      4. Maximum number of variables is set to 5,000 but can be increased;
          see help set_maxvar.

. do 1degageinteractednew.do 

. /**************************************************************************
> * Age-specific × Product interacted regressions (ALL products pooled)
> * - Spec 2: Temp quartic and interactions vary by AGE, with PRODUCT deltas
> * - Includes Temp×(Income, LR) heterogeneity by AGE, with PRODUCT deltas
> * - Precip controls as country×age FE-slopes, by PRODUCT
> * - All key FE are PRODUCT-specific to prevent level mixing
> * - Resolution: 1deg (all paths hardcoded for 1deg)
> **************************************************************************/
. 
. clear all

. set more off

. 
. * --- CONFIG -------------------------------------------------------------
. global CODE    "/user/ab5405/summeraliaclimate/code"

. 
. local resolution "1deg"

. 
. global PANELS  "$CODE/mortality_pipeline/output_panels/`resolution'"

. global OUTPUT  "$CODE/mortality_pipeline/output/`resolution'"

. 
. * Create output directory chain (one level at a time)
. cap mkdir "$CODE/mortality_pipeline"

. cap mkdir "$CODE/mortality_pipeline/output"

. cap mkdir "$CODE/mortality_pipeline/output/`resolution'"

. 
. local inpanel "$PANELS/panel_prepped_for_regressions_ALLREA_aligned.dta"

. local outdir  "$OUTPUT/age_spec_ALLREA"

. cap mkdir "`outdir'"

. 
. local altspec 0   // 0 = only Spec 2; 1 = also run 1/3/4/5

. 
. * --- Load pooled (stacked) panel ---------------------------------------
. di as txt "Loading ALLREA stacked panel → `inpanel'"
Loading ALLREA stacked panel → /user/ab5405/summeraliaclimate/code/mortality_pi
> peline/output_panels/1deg/panel_prepped_for_regressions_ALLREA_aligned.dta

. use "`inpanel'", clear

. 
. * --- Ensure factors exist in the right type ----------------------------
. capture confirm numeric variable agegroup

. if _rc {
.     encode agegroup, gen(agegroup_)
.     drop agegroup
.     rename agegroup_ agegroup
. }

. 
. capture confirm numeric variable product

. if _rc {
.     encode proj_base, gen(product)
. }

. 
. * Rebuild FE IDs if missing (defensive)
. capture confirm variable adm0_agegrp_code

. if _rc {
.     egen adm0_agegrp_code = group(adm0_code agegroup)
. }

. capture confirm variable adm1_agegrp_code

. if _rc {
.     egen adm1_agegrp_code = group(adm1_code agegroup)
. }

. 
. * Ensure geographic IDs are numeric (required for absorb)
. capture confirm numeric variable adm2_code

. if _rc {
.     encode adm2_code, gen(adm2_code_n)
.     drop adm2_code
.     rename adm2_code_n adm2_code
. }

. 
. capture confirm numeric variable adm1_code

. if _rc {
.     encode adm1_code, gen(adm1_code_n)
.     drop adm1_code
.     rename adm1_code_n adm1_code
. }

. 
. capture confirm numeric variable adm0_code

. if _rc {
.     encode adm0_code, gen(adm0_code_n)
.     drop adm0_code
.     rename adm0_code_n adm0_code
. }

. 
. * --- Population weights: normalize within PRODUCT x YEAR ---------------
. bysort product year: egen double tot_pop = total(population)

. gen double weight = population / tot_pop

. 
. * =============================== SPEC 2 (Preferred) ==================== *
. reghdfe deathrate_w99                                                        
>   ///
>     /* Base AGE x Temp quartic (anchors slopes) */                           
>    ///
>     c.(tavg_poly_1 tavg_poly_2 tavg_poly_3 tavg_poly_4)#i.agegroup           
>    ///
>     /* PRODUCT deltas for AGE x Temp */                                      
>    ///
>     c.(tavg_poly_1 tavg_poly_2 tavg_poly_3 tavg_poly_4)#i.agegroup#i.product 
>    ///
>     /* Base AGE x Temp x log income */                                       
>    ///
>     c.(tavg_poly_1 tavg_poly_2 tavg_poly_3 tavg_poly_4)#c.loggdppc_adm1_avg#i
> .agegroup ///
>     /* PRODUCT deltas for AGE x Temp x log income */                         
>    ///
>     c.(tavg_poly_1 tavg_poly_2 tavg_poly_3 tavg_poly_4)#c.loggdppc_adm1_avg#i
> .agegroup#i.product ///
>     /* Base AGE x Temp x LR */                                               
>    ///
>     c.(tavg_poly_1 tavg_poly_2 tavg_poly_3 tavg_poly_4)#c.lr_tavg_adm1_avg#i.
> agegroup  ///
>     /* PRODUCT deltas for AGE x Temp x LR */                                 
>    ///
>     c.(tavg_poly_1 tavg_poly_2 tavg_poly_3 tavg_poly_4)#c.lr_tavg_adm1_avg#i.
> agegroup#i.product   ///
>     [pw = weight],                                                           
>    ///
>     absorb(                                                                  
>    ///
>         adm0_agegrp_code#i.product##c.prcp_poly_1                            
>    ///
>         adm0_agegrp_code#i.product##c.prcp_poly_2                            
>    ///
>         i.adm2_code#i.CHN_ts#i.agegroup#i.product                            
>    ///
>         i.adm0_code#i.year#i.agegroup#i.product                              
>    ///
>     ) cluster(adm1_code) residual(e_hat)
(dropped 7 singleton observations)
          st_data_pool():  3900  unable to allocate real <tmp>[2208315,90]
FixedEffects::partial_out():     -  function returned error
                 <istmt>:     -  function returned error
r(3900);

end of do-file
r(3900);
