
  ___  ____  ____  ____  ____ ®
 /__    /   ____/   /   ____/      18.0
___/   /   /___/   /   /___/       MP—Parallel Edition

 Statistics and Data Science       Copyright 1985-2023 StataCorp LLC
                                   StataCorp
                                   4905 Lakeway Drive
                                   College Station, Texas 77845 USA
                                   800-STATA-PC        https://www.stata.com
                                   979-696-4600        stata@stata.com

Stata license: 10-user 8-core network perpetual
Serial number: 501806318811
  Licensed to: Columbia Business School
               Columbia University, New York

Notes:
      1. Stata is running in batch mode.
      2. Unicode is supported; see help unicode_advice.
      3. More than 2 billion observations are allowed; see help obs_advice.
      4. Maximum number of variables is set to 5,000 but can be increased;
          see help set_maxvar.

. do 1deguninteracted.do 

. /**************************************************************************
> * prep_regressions_ALLREA_interacted_FLEXIBLE.do
> * 
> * FLEXIBLE RESOLUTION VERSION
> *
> * - Estimates temperature–mortality response with FULL product interactions
> * - Input: stacked ALLREA panel in $OUTPUT (output_panels/{resolution})
> * - Saves Spec1–Spec5 .ster files for ALLREA with product interactions
> *
> * CHANGE LOG:x
> * - Added resolution parameter to control input/output directories
> * - Reads from mortality_pipeline/output_panels/{resolution}/
> * - Saves to mortality_pipeline/output/{resolution}/
> **************************************************************************/
. 
. clear all

. set more off

. 
. * ===========================================================================
> =
. * CONFIG
. * ===========================================================================
> =
. 
. local resolution "1deg"  /* ← CHANGE THIS: "025deg" or "1deg" */

. 
. global CODE    "/user/ab5405/summeraliaclimate/code"

. 
. * Input/output directories include resolution
. global PANELS  "$CODE/mortality_pipeline/output_panels/`resolution'"

. global OUTPUT  "$CODE/mortality_pipeline/output/`resolution'"

. 
. * Input panel and output directory for sters
. local inpanel  "$PANELS/panel_prepped_for_regressions_ALLREA_aligned.dta"

. local ster_out "$OUTPUT/age_combined_ALLREA"

. capture mkdir "$OUTPUT"

. capture mkdir "`ster_out'"

. 
. di ""


. di "========================================================================"
========================================================================

. di "CONFIGURATION:"
CONFIGURATION:

. di "  Resolution: `resolution'"
  Resolution: 1deg

. di "  Input panel: `inpanel'"
  Input panel: /user/ab5405/summeraliaclimate/code/mortality_pipeline/output_pa
> nels/1deg/panel_prepped_for_regressions_ALLREA_aligned.dta

. di "  Output dir:  `ster_out'"
  Output dir:  /user/ab5405/summeraliaclimate/code/mortality_pipeline/output/1d
> eg/age_combined_ALLREA

. di "========================================================================"
========================================================================

. di ""


. 
. * ===========================================================================
> =
. * LOAD DATA
. * ===========================================================================
> =
. 
. * Check if input exists
. capture confirm file "`inpanel'"

. if _rc {
.     di as error ""
.     di as error "ERROR: Input panel not found!"
.     di as error "  `inpanel'"
.     di as error ""
.     di as error "You need to create the stacked ALLREA panel first."
.     di as error "This combines all products (GMFD, ERA5, JRA_3Q, MERRA2)"
.     di as error "into a single stacked dataset."
.     exit 601
. }

. 
. di as txt "Loading stacked ALLREA panel → `inpanel'"
Loading stacked ALLREA panel → /user/ab5405/summeraliaclimate/code/mortality_pi
> peline/output_panels/1deg/panel_prepped_for_regressions_ALLREA_aligned.dta

. use "`inpanel'", clear

. 
. * ===========================================================================
> =
. * DATA PREP
. * ===========================================================================
> =
. 
. * Ensure agegroup is numeric for factor notation
. capture confirm numeric variable agegroup

. if _rc {
.     encode agegroup, gen(agegroup_num)
.     drop agegroup
.     rename agegroup_num agegroup
. }

. 
. * Encode product label (proj_base) to a factor var "product"
. capture confirm numeric variable product

. if _rc {
.     encode proj_base, gen(product)
. }

. 
. * Weights normalized within product × year (mirrors per-product scheme)
. bysort product year: egen tot_pop = total(population)

. gen double weight = population / tot_pop

. 
. di ""


. di "Data summary:"
Data summary:

. di "  Observations: " _N
  Observations: 1664804

. di "  Products: " `=`:word count `=r(levels)' of `: label (product) product''
> "
invalid syntax
  Products: ` invalid name
r(198);

end of do-file
r(198);
